#
# There is insufficient memory for the Java Runtime Environment to continue.
# Native memory allocation (malloc) failed to allocate 1775696 bytes for Chunk::new
# Possible reasons:
#   The system is out of physical RAM or swap space
#   The process is running with CompressedOops enabled, and the Java Heap may be blocking the growth of the native heap
# Possible solutions:
#   Reduce memory load on the system
#   Increase physical memory or swap space
#   Check if swap backing store is full
#   Decrease Java heap size (-Xmx/-Xms)
#   Decrease number of Java threads
#   Decrease Java thread stack sizes (-Xss)
#   Set larger code cache with -XX:ReservedCodeCacheSize=
#   JVM is running with Unscaled Compressed Oops mode in which the Java heap is
#     placed in the first 4GB address space. The Java Heap base address is the
#     maximum limit for the native heap growth. Please use -XX:HeapBaseMinAddress
#     to set the Java Heap base and to place the Java Heap above 4GB virtual address.
# This output file may be truncated or incomplete.
#
#  Out of Memory Error (allocation.cpp:389), pid=33944, tid=0x0000000000001cac
#
# JRE version: OpenJDK Runtime Environment (8.0_242-b01) (build 1.8.0_242-release-1644-b01)
# Java VM: OpenJDK 64-Bit Server VM (25.242-b01 mixed mode windows-amd64 compressed oops)
# Failed to write core dump. Minidumps are not enabled by default on client versions of Windows
#

---------------  T H R E A D  ---------------

Current thread (0x0000000018a64000):  JavaThread "C2 CompilerThread0" daemon [_thread_in_native, id=7340, stack(0x000000001a100000,0x000000001a200000)]

Stack: [0x000000001a100000,0x000000001a200000]
[error occurred during error reporting (printing stack bounds), id 0xc0000005]

Native frames: (J=compiled Java code, j=interpreted, Vv=VM code, C=native code)


Current CompileTask:
C2:   3568 2727       4       groovy.lang.MetaClassImpl$1MOPIter::methodNameAction (325 bytes)


---------------  P R O C E S S  ---------------

Java Threads: ( => current thread )
  0x0000000021fc1000 JavaThread "jar transforms Thread 92" [_thread_blocked, id=24392, stack(0x000000002a9f0000,0x000000002aaf0000)]
  0x0000000021fc2000 JavaThread "jar transforms Thread 91" [_thread_blocked, id=30576, stack(0x000000002a8f0000,0x000000002a9f0000)]
  0x0000000021fc3000 JavaThread "jar transforms Thread 90" [_thread_blocked, id=22304, stack(0x000000002a7f0000,0x000000002a8f0000)]
  0x0000000021fbf800 JavaThread "jar transforms Thread 89" [_thread_blocked, id=10536, stack(0x000000002a6f0000,0x000000002a7f0000)]
  0x0000000021fb6000 JavaThread "jar transforms Thread 88" [_thread_blocked, id=38376, stack(0x000000002a5f0000,0x000000002a6f0000)]
  0x0000000021fbc800 JavaThread "jar transforms Thread 87" [_thread_blocked, id=19524, stack(0x000000002a4f0000,0x000000002a5f0000)]
  0x0000000021fba800 JavaThread "jar transforms Thread 86" [_thread_blocked, id=38096, stack(0x000000002a3f0000,0x000000002a4f0000)]
  0x0000000021fbc000 JavaThread "jar transforms Thread 85" [_thread_blocked, id=29188, stack(0x000000002a2f0000,0x000000002a3f0000)]
  0x0000000021fb9800 JavaThread "jar transforms Thread 84" [_thread_blocked, id=22424, stack(0x000000002a1f0000,0x000000002a2f0000)]
  0x0000000021fb8000 JavaThread "jar transforms Thread 83" [_thread_blocked, id=31368, stack(0x000000002a0f0000,0x000000002a1f0000)]
  0x0000000021fb9000 JavaThread "jar transforms Thread 82" [_thread_blocked, id=24744, stack(0x0000000029ff0000,0x000000002a0f0000)]
  0x0000000021fbb000 JavaThread "jar transforms Thread 81" [_thread_blocked, id=17528, stack(0x0000000029ef0000,0x0000000029ff0000)]
  0x0000000021fb7800 JavaThread "jar transforms Thread 80" [_thread_blocked, id=20324, stack(0x0000000029df0000,0x0000000029ef0000)]
  0x0000000021fb6800 JavaThread "jar transforms Thread 79" [_thread_blocked, id=17792, stack(0x0000000029cf0000,0x0000000029df0000)]
  0x0000000022a84800 JavaThread "jar transforms Thread 78" [_thread_blocked, id=27040, stack(0x0000000029bf0000,0x0000000029cf0000)]
  0x0000000022a84000 JavaThread "jar transforms Thread 77" [_thread_blocked, id=38180, stack(0x0000000029af0000,0x0000000029bf0000)]
  0x0000000022a82800 JavaThread "jar transforms Thread 76" [_thread_blocked, id=24928, stack(0x00000000299f0000,0x0000000029af0000)]
  0x0000000022a85800 JavaThread "jar transforms Thread 75" [_thread_blocked, id=10428, stack(0x00000000298f0000,0x00000000299f0000)]
  0x0000000022a83000 JavaThread "jar transforms Thread 74" [_thread_blocked, id=6368, stack(0x00000000297f0000,0x00000000298f0000)]
  0x0000000022a86000 JavaThread "jar transforms Thread 73" [_thread_blocked, id=31524, stack(0x00000000296f0000,0x00000000297f0000)]
  0x0000000022a81800 JavaThread "jar transforms Thread 72" [_thread_blocked, id=17260, stack(0x00000000295f0000,0x00000000296f0000)]
  0x0000000022a81000 JavaThread "jar transforms Thread 71" [_thread_blocked, id=13960, stack(0x00000000294f0000,0x00000000295f0000)]
  0x0000000022a80000 JavaThread "jar transforms Thread 70" [_thread_blocked, id=14676, stack(0x00000000293f0000,0x00000000294f0000)]
  0x0000000022a78800 JavaThread "jar transforms Thread 69" [_thread_blocked, id=19132, stack(0x00000000292f0000,0x00000000293f0000)]
  0x0000000022a7c800 JavaThread "jar transforms Thread 68" [_thread_blocked, id=27596, stack(0x00000000291f0000,0x00000000292f0000)]
  0x0000000022a7e800 JavaThread "jar transforms Thread 67" [_thread_blocked, id=13228, stack(0x00000000290f0000,0x00000000291f0000)]
  0x0000000022a7b800 JavaThread "jar transforms Thread 66" [_thread_blocked, id=37592, stack(0x0000000028ff0000,0x00000000290f0000)]
  0x0000000022a7e000 JavaThread "jar transforms Thread 65" [_thread_blocked, id=11972, stack(0x0000000028ef0000,0x0000000028ff0000)]
  0x0000000022a7f800 JavaThread "jar transforms Thread 64" [_thread_blocked, id=10576, stack(0x0000000028df0000,0x0000000028ef0000)]
  0x0000000022a77000 JavaThread "jar transforms Thread 63" [_thread_blocked, id=28076, stack(0x0000000028cf0000,0x0000000028df0000)]
  0x0000000022a78000 JavaThread "jar transforms Thread 62" [_thread_blocked, id=34224, stack(0x0000000028bf0000,0x0000000028cf0000)]
  0x0000000022a7d000 JavaThread "jar transforms Thread 61" [_thread_blocked, id=14292, stack(0x0000000028af0000,0x0000000028bf0000)]
  0x0000000022a7b000 JavaThread "jar transforms Thread 60" [_thread_blocked, id=35828, stack(0x00000000289f0000,0x0000000028af0000)]
  0x0000000022a7a000 JavaThread "jar transforms Thread 59" [_thread_blocked, id=23100, stack(0x00000000288f0000,0x00000000289f0000)]
  0x0000000022a79800 JavaThread "jar transforms Thread 58" [_thread_blocked, id=33532, stack(0x00000000287f0000,0x00000000288f0000)]
  0x000000001ed89800 JavaThread "jar transforms Thread 57" [_thread_blocked, id=14484, stack(0x00000000286f0000,0x00000000287f0000)]
  0x000000001ed82000 JavaThread "jar transforms Thread 56" [_thread_blocked, id=9888, stack(0x00000000285f0000,0x00000000286f0000)]
  0x000000001ed86800 JavaThread "jar transforms Thread 55" [_thread_blocked, id=27488, stack(0x00000000284f0000,0x00000000285f0000)]
  0x000000001ed85000 JavaThread "jar transforms Thread 54" [_thread_blocked, id=20256, stack(0x00000000283f0000,0x00000000284f0000)]
  0x000000001ed82800 JavaThread "jar transforms Thread 53" [_thread_blocked, id=35684, stack(0x00000000282f0000,0x00000000283f0000)]
  0x000000001ed88000 JavaThread "jar transforms Thread 52" [_thread_blocked, id=17864, stack(0x00000000281f0000,0x00000000282f0000)]
  0x000000001ed88800 JavaThread "jar transforms Thread 51" [_thread_blocked, id=21948, stack(0x00000000280f0000,0x00000000281f0000)]
  0x000000001ed85800 JavaThread "jar transforms Thread 50" [_thread_blocked, id=25796, stack(0x0000000027ff0000,0x00000000280f0000)]
  0x000000001ed83800 JavaThread "jar transforms Thread 49" [_thread_blocked, id=37676, stack(0x0000000027ef0000,0x0000000027ff0000)]
  0x000000001ed84000 JavaThread "jar transforms Thread 48" [_thread_blocked, id=1444, stack(0x0000000027df0000,0x0000000027ef0000)]
  0x000000001ed87000 JavaThread "jar transforms Thread 47" [_thread_blocked, id=31984, stack(0x0000000027cf0000,0x0000000027df0000)]
  0x000000001ed7a800 JavaThread "jar transforms Thread 46" [_thread_blocked, id=35924, stack(0x0000000027bf0000,0x0000000027cf0000)]
  0x000000001ed7c800 JavaThread "jar transforms Thread 45" [_thread_blocked, id=28452, stack(0x0000000027af0000,0x0000000027bf0000)]
  0x000000001ed7c000 JavaThread "jar transforms Thread 44" [_thread_blocked, id=10560, stack(0x00000000279f0000,0x0000000027af0000)]
  0x000000001ed81000 JavaThread "jar transforms Thread 43" [_thread_blocked, id=27776, stack(0x00000000278f0000,0x00000000279f0000)]
  0x000000001ed7f000 JavaThread "jar transforms Thread 42" [_thread_blocked, id=22460, stack(0x00000000277f0000,0x00000000278f0000)]
  0x000000001ed7b000 JavaThread "jar transforms Thread 41" [_thread_blocked, id=20576, stack(0x00000000276f0000,0x00000000277f0000)]
  0x000000001ed7f800 JavaThread "jar transforms Thread 40" [_thread_blocked, id=31640, stack(0x00000000275f0000,0x00000000276f0000)]
  0x000000001ed7e000 JavaThread "jar transforms Thread 39" [_thread_blocked, id=24024, stack(0x00000000274f0000,0x00000000275f0000)]
  0x000000001ed7d800 JavaThread "jar transforms Thread 38" [_thread_blocked, id=37456, stack(0x00000000273f0000,0x00000000274f0000)]
  0x000000001ed80800 JavaThread "jar transforms Thread 37" [_thread_blocked, id=28588, stack(0x00000000272f0000,0x00000000273f0000)]
  0x000000001f0ab000 JavaThread "jar transforms Thread 36" [_thread_blocked, id=23556, stack(0x00000000271f0000,0x00000000272f0000)]
  0x000000001f0aa000 JavaThread "jar transforms Thread 35" [_thread_blocked, id=7208, stack(0x00000000270f0000,0x00000000271f0000)]
  0x000000001f0a9800 JavaThread "jar transforms Thread 34" [_thread_blocked, id=19352, stack(0x0000000026ff0000,0x00000000270f0000)]
  0x000000001f0ac800 JavaThread "jar transforms Thread 33" [_thread_blocked, id=18204, stack(0x0000000026ef0000,0x0000000026ff0000)]
  0x000000001f0a8800 JavaThread "jar transforms Thread 32" [_thread_blocked, id=34560, stack(0x0000000026df0000,0x0000000026ef0000)]
  0x000000001f0ab800 JavaThread "jar transforms Thread 31" [_thread_blocked, id=7392, stack(0x0000000026cf0000,0x0000000026df0000)]
  0x000000001f0ad000 JavaThread "jar transforms Thread 30" [_thread_blocked, id=33064, stack(0x0000000026bf0000,0x0000000026cf0000)]
  0x000000001f0a8000 JavaThread "jar transforms Thread 29" [_thread_blocked, id=3068, stack(0x0000000026af0000,0x0000000026bf0000)]
  0x000000001f0a0800 JavaThread "jar transforms Thread 28" [_thread_blocked, id=6740, stack(0x00000000269f0000,0x0000000026af0000)]
  0x000000001f0a7000 JavaThread "jar transforms Thread 27" [_thread_blocked, id=36092, stack(0x00000000268f0000,0x00000000269f0000)]
  0x000000001f0a6800 JavaThread "jar transforms Thread 26" [_thread_blocked, id=14040, stack(0x00000000267f0000,0x00000000268f0000)]
  0x000000001f0a1000 JavaThread "jar transforms Thread 25" [_thread_blocked, id=17904, stack(0x00000000266f0000,0x00000000267f0000)]
  0x000000001f09f000 JavaThread "jar transforms Thread 24" [_thread_blocked, id=17716, stack(0x00000000265f0000,0x00000000266f0000)]
  0x000000001f09f800 JavaThread "jar transforms Thread 23" [_thread_blocked, id=12040, stack(0x00000000264f0000,0x00000000265f0000)]
  0x000000001f0a5800 JavaThread "jar transforms Thread 22" [_thread_blocked, id=6736, stack(0x00000000263f0000,0x00000000264f0000)]
  0x000000001f0a4000 JavaThread "jar transforms Thread 21" [_thread_blocked, id=33912, stack(0x00000000262f0000,0x00000000263f0000)]
  0x000000001f0a3800 JavaThread "jar transforms Thread 20" [_thread_blocked, id=31772, stack(0x00000000261f0000,0x00000000262f0000)]
  0x000000001f0a5000 JavaThread "jar transforms Thread 19" [_thread_blocked, id=38840, stack(0x00000000260f0000,0x00000000261f0000)]
  0x000000001f0a2800 JavaThread "jar transforms Thread 18" [_thread_blocked, id=14880, stack(0x0000000025ff0000,0x00000000260f0000)]
  0x000000001f09e000 JavaThread "jar transforms Thread 17" [_thread_blocked, id=18168, stack(0x0000000025ef0000,0x0000000025ff0000)]
  0x000000001f0a2000 JavaThread "jar transforms Thread 16" [_thread_blocked, id=12900, stack(0x0000000025df0000,0x0000000025ef0000)]
  0x000000001b6e2000 JavaThread "jar transforms Thread 15" [_thread_blocked, id=15632, stack(0x0000000025cf0000,0x0000000025df0000)]
  0x000000001b6e0800 JavaThread "jar transforms Thread 14" [_thread_blocked, id=604, stack(0x0000000025bf0000,0x0000000025cf0000)]
  0x000000001b6e0000 JavaThread "jar transforms Thread 13" [_thread_blocked, id=25340, stack(0x0000000025af0000,0x0000000025bf0000)]
  0x000000001b6de800 JavaThread "jar transforms Thread 12" [_thread_blocked, id=22308, stack(0x00000000259f0000,0x0000000025af0000)]
  0x000000001b6df000 JavaThread "jar transforms Thread 11" [_thread_blocked, id=21956, stack(0x00000000258f0000,0x00000000259f0000)]
  0x000000001b6e3800 JavaThread "jar transforms Thread 10" [_thread_blocked, id=2328, stack(0x00000000257f0000,0x00000000258f0000)]
  0x000000001b6e5000 JavaThread "jar transforms Thread 9" [_thread_blocked, id=8368, stack(0x00000000256f0000,0x00000000257f0000)]
  0x000000001b6e4800 JavaThread "jar transforms Thread 8" [_thread_blocked, id=4980, stack(0x0000000025340000,0x0000000025440000)]
  0x000000001b6e1800 JavaThread "jar transforms Thread 7" [_thread_blocked, id=24304, stack(0x00000000255f0000,0x00000000256f0000)]
  0x000000001b6e3000 JavaThread "jar transforms Thread 6" [_thread_blocked, id=37360, stack(0x00000000254f0000,0x00000000255f0000)]
  0x000000001c82b800 JavaThread "jar transforms Thread 5" [_thread_blocked, id=37020, stack(0x0000000025240000,0x0000000025340000)]
  0x000000001c825800 JavaThread "jar transforms Thread 4" [_thread_blocked, id=37268, stack(0x0000000025140000,0x0000000025240000)]
  0x000000001c82b000 JavaThread "jar transforms Thread 3" [_thread_blocked, id=33500, stack(0x0000000025040000,0x0000000025140000)]
  0x000000001c82a000 JavaThread "jar transforms Thread 2" [_thread_blocked, id=33880, stack(0x0000000024f40000,0x0000000025040000)]
  0x000000001c82c800 JavaThread "Build operations Thread 12" [_thread_blocked, id=38460, stack(0x0000000024e40000,0x0000000024f40000)]
  0x000000001c828800 JavaThread "Build operations Thread 11" [_thread_blocked, id=18428, stack(0x0000000024d40000,0x0000000024e40000)]
  0x000000001c829800 JavaThread "Build operations Thread 10" [_thread_blocked, id=7776, stack(0x0000000024c40000,0x0000000024d40000)]
  0x000000001c827000 JavaThread "Build operations Thread 9" [_thread_blocked, id=3864, stack(0x0000000024b40000,0x0000000024c40000)]
  0x000000001c826800 JavaThread "Build operations Thread 8" [_thread_blocked, id=29564, stack(0x0000000024a40000,0x0000000024b40000)]
  0x000000001c828000 JavaThread "Build operations Thread 7" [_thread_blocked, id=26328, stack(0x0000000024940000,0x0000000024a40000)]
  0x000000001c81e000 JavaThread "Build operations Thread 6" [_thread_blocked, id=30872, stack(0x0000000024840000,0x0000000024940000)]
  0x000000001c822000 JavaThread "Build operations Thread 5" [_thread_blocked, id=6856, stack(0x0000000024740000,0x0000000024840000)]
  0x000000001c825000 JavaThread "Build operations Thread 4" [_thread_blocked, id=29440, stack(0x0000000024640000,0x0000000024740000)]
  0x000000001c821000 JavaThread "Build operations Thread 3" [_thread_blocked, id=26900, stack(0x0000000024540000,0x0000000024640000)]
  0x000000001c823800 JavaThread "Build operations Thread 2" [_thread_blocked, id=35700, stack(0x0000000024440000,0x0000000024540000)]
  0x000000001c81d800 JavaThread "Build operations" [_thread_blocked, id=39596, stack(0x0000000024340000,0x0000000024440000)]
  0x000000001c43c000 JavaThread "Cache worker for file content cache (C:\Users\LENOVO\.gradle\caches\6.5\fileContent)" [_thread_blocked, id=21940, stack(0x0000000022340000,0x0000000022440000)]
  0x000000001c43a800 JavaThread "jar transforms" [_thread_blocked, id=37944, stack(0x0000000021150000,0x0000000021250000)]
  0x000000001c439000 JavaThread "Cache worker for execution history cache (C:\Users\LENOVO\.gradle\caches\6.5\executionHistory)" [_thread_blocked, id=34908, stack(0x0000000021050000,0x0000000021150000)]
  0x000000001c436000 JavaThread "Cache worker for cache directory md-rule (C:\Users\LENOVO\.gradle\caches\6.5\md-rule)" [_thread_blocked, id=31652, stack(0x0000000020f50000,0x0000000021050000)]
  0x000000001c436800 JavaThread "Cache worker for cache directory md-supplier (C:\Users\LENOVO\.gradle\caches\6.5\md-supplier)" [_thread_blocked, id=39284, stack(0x0000000020e50000,0x0000000020f50000)]
  0x000000001c437800 JavaThread "Cache worker for checksums cache (C:\Users\LENOVO\Desktop\SinFloo_app-restclient-android-f1ebed55aac97f54fb6eca3f7a28ee03e72ff962\.gradle\checksums)" [_thread_blocked, id=25044, stack(0x0000000020d50000,0x0000000020e50000)]
  0x000000001c439800 JavaThread "Cache worker for file hash cache (C:\Users\LENOVO\Desktop\SinFloo_app-restclient-android-f1ebed55aac97f54fb6eca3f7a28ee03e72ff962\.gradle\6.5\fileHashes)" [_thread_blocked, id=38576, stack(0x0000000022240000,0x0000000022340000)]
  0x000000001c43b000 JavaThread "Cache worker for file hash cache (C:\Users\LENOVO\.gradle\caches\6.5\fileHashes)" [_thread_blocked, id=13672, stack(0x000000001f820000,0x000000001f920000)]
  0x000000001c43c800 JavaThread "File lock request listener" [_thread_in_native, id=12620, stack(0x000000001e750000,0x000000001e850000)]
  0x000000001c34b800 JavaThread "Cache worker for journal cache (C:\Users\LENOVO\.gradle\caches\journal-1)" [_thread_blocked, id=5776, stack(0x000000001e650000,0x000000001e750000)]
  0x000000001c355800 JavaThread "Thread-9" [_thread_blocked, id=17988, stack(0x000000001e350000,0x000000001e450000)]
  0x000000001c33b800 JavaThread "Stdin handler" [_thread_blocked, id=19096, stack(0x000000001e250000,0x000000001e350000)]
  0x000000001c33a000 JavaThread "Asynchronous log dispatcher for DefaultDaemonConnection: socket connection from /127.0.0.1:63882 to /127.0.0.1:63883" [_thread_blocked, id=34980, stack(0x000000001e150000,0x000000001e250000)]
  0x000000001c35b800 JavaThread "Daemon worker" [_thread_in_native, id=36148, stack(0x000000001e050000,0x000000001e150000)]
  0x000000001c3dc000 JavaThread "Cancel handler" [_thread_blocked, id=27624, stack(0x000000001df50000,0x000000001e050000)]
  0x000000001c302000 JavaThread "Handler for socket connection from /127.0.0.1:63882 to /127.0.0.1:63883" [_thread_in_native, id=21324, stack(0x000000001de50000,0x000000001df50000)]
  0x000000001c2ff000 JavaThread "Daemon" [_thread_blocked, id=38424, stack(0x000000001dc50000,0x000000001dd50000)]
  0x000000001c2fb000 JavaThread "Daemon periodic checks" [_thread_blocked, id=26764, stack(0x000000001d950000,0x000000001da50000)]
  0x000000001c260800 JavaThread "Incoming local TCP Connector on port 63882" [_thread_in_native, id=1680, stack(0x000000001d6e0000,0x000000001d7e0000)]
  0x000000001c1e0000 JavaThread "Daemon health stats" [_thread_blocked, id=15972, stack(0x000000001d0a0000,0x000000001d1a0000)]
  0x0000000018aee800 JavaThread "Service Thread" daemon [_thread_blocked, id=19528, stack(0x000000001a500000,0x000000001a600000)]
  0x0000000018a7b000 JavaThread "C1 CompilerThread3" daemon [_thread_blocked, id=7600, stack(0x000000001a400000,0x000000001a500000)]
  0x0000000018a76000 JavaThread "C2 CompilerThread2" daemon [_thread_blocked, id=39032, stack(0x000000001a300000,0x000000001a400000)]
  0x0000000018a70000 JavaThread "C2 CompilerThread1" daemon [_thread_blocked, id=8436, stack(0x000000001a200000,0x000000001a300000)]
=>0x0000000018a64000 JavaThread "C2 CompilerThread0" daemon [_thread_in_native, id=7340, stack(0x000000001a100000,0x000000001a200000)]
  0x0000000018a63000 JavaThread "Attach Listener" daemon [_thread_blocked, id=16924, stack(0x000000001a000000,0x000000001a100000)]
  0x0000000018a68000 JavaThread "Signal Dispatcher" daemon [_thread_blocked, id=14516, stack(0x0000000019f00000,0x000000001a000000)]
  0x00000000033bd800 JavaThread "Finalizer" daemon [_thread_blocked, id=5252, stack(0x0000000019ce0000,0x0000000019de0000)]
  0x0000000018a53000 JavaThread "Reference Handler" daemon [_thread_blocked, id=18108, stack(0x0000000019be0000,0x0000000019ce0000)]
  0x00000000032be000 JavaThread "main" [_thread_blocked, id=15816, stack(0x0000000003180000,0x0000000003280000)]

Other Threads:
  0x0000000017374000 VMThread [stack: 0x0000000019ae0000,0x0000000019be0000] [id=10508]
  0x0000000018a97000 WatcherThread [stack: 0x000000001a600000,0x000000001a700000] [id=26984]

VM state:not at safepoint (normal execution)

VM Mutex/Monitor currently owned by a thread: None

OutOfMemory and StackOverflow Exception counts:
OutOfMemoryError java_heap_errors=5

heap address: 0x00000000a0000000, size: 1536 MB, Compressed Oops mode: 32-bit
Narrow klass base: 0x0000000000000000, Narrow klass shift: 3
Compressed class space size: 1073741824 Address: 0x0000000100000000

Heap:
 PSYoungGen      total 125952K, used 95917K [0x00000000e0000000, 0x00000000edb00000, 0x0000000100000000)
  eden space 113664K, 84% used [0x00000000e0000000,0x00000000e5dab5f8,0x00000000e6f00000)
  from space 12288K, 0% used [0x00000000e6f00000,0x00000000e6f00000,0x00000000e7b00000)
  to   space 11776K, 0% used [0x00000000ecf80000,0x00000000ecf80000,0x00000000edb00000)
 ParOldGen       total 87552K, used 14411K [0x00000000a0000000, 0x00000000a5580000, 0x00000000e0000000)
  object space 87552K, 16% used [0x00000000a0000000,0x00000000a0e12ee0,0x00000000a5580000)
 Metaspace       used 36459K, capacity 38044K, committed 38104K, reserved 1081344K
  class space    used 5013K, capacity 5339K, committed 5376K, reserved 1048576K

Card table byte_map: [0x0000000012780000,0x0000000012a90000] byte_map_base: 0x0000000012280000

Marking Bits: (ParMarkBitMap*) 0x000000006dc4f030
 Begin Bits: [0x0000000013690000, 0x0000000014e90000)
 End Bits:   [0x0000000014e90000, 0x0000000016690000)

Polling page: 0x00000000014a0000

CodeCache: size=245760Kb used=12557Kb max_used=12557Kb free=233202Kb
 bounds [0x00000000033c0000, 0x0000000004010000, 0x00000000123c0000]
 total_blobs=4321 nmethods=3618 adapters=615
 compilation: enabled

Compilation events (10 events):
Event: 3.538 Thread 0x0000000018a7b000 3615       3       sun.misc.IOUtils::readNBytes (274 bytes)
Event: 3.539 Thread 0x0000000018a7b000 nmethod 3615 0x0000000004006990 code [0x0000000004006ca0, 0x0000000004008778]
Event: 3.545 Thread 0x0000000018a76000 3616       4       java.lang.Character::charCount (12 bytes)
Event: 3.545 Thread 0x0000000018a76000 nmethod 3616 0x0000000003f6cf50 code [0x0000000003f6d080, 0x0000000003f6d0d8]
Event: 3.545 Thread 0x0000000018a7b000 3617       3       java.util.jar.JarFile::match (116 bytes)
Event: 3.546 Thread 0x0000000018a7b000 nmethod 3617 0x0000000003ffb690 code [0x0000000003ffb820, 0x0000000003ffbcf0]
Event: 3.551 Thread 0x0000000018a7b000 3618       3       sun.util.locale.provider.LocaleProviderAdapter::getAdapter (171 bytes)
Event: 3.552 Thread 0x0000000018a7b000 nmethod 3618 0x0000000004009550 code [0x0000000004009800, 0x000000000400a9b8]
Event: 3.553 Thread 0x0000000018a7b000 3619       1       com.google.common.collect.CompactHashMap::hashTableMask (8 bytes)
Event: 3.553 Thread 0x0000000018a7b000 nmethod 3619 0x0000000003ffb390 code [0x0000000003ffb4e0, 0x0000000003ffb5f0]

GC Heap History (10 events):
Event: 2.271 GC heap before
{Heap before GC invocations=5 (full 1):
 PSYoungGen      total 76288K, used 7165K [0x00000000e0000000, 0x00000000e9500000, 0x0000000100000000)
  eden space 65536K, 0% used [0x00000000e0000000,0x00000000e0000000,0x00000000e4000000)
  from space 10752K, 66% used [0x00000000e4a80000,0x00000000e517f490,0x00000000e5500000)
  to   space 10752K, 0% used [0x00000000e4000000,0x00000000e4000000,0x00000000e4a80000)
 ParOldGen       total 175104K, used 1049K [0x00000000a0000000, 0x00000000aab00000, 0x00000000e0000000)
  object space 175104K, 0% used [0x00000000a0000000,0x00000000a01064e0,0x00000000aab00000)
 Metaspace       used 20494K, capacity 21204K, committed 21248K, reserved 1067008K
  class space    used 2857K, capacity 3048K, committed 3072K, reserved 1048576K
Event: 2.291 GC heap after
Heap after GC invocations=5 (full 1):
 PSYoungGen      total 76288K, used 0K [0x00000000e0000000, 0x00000000e9500000, 0x0000000100000000)
  eden space 65536K, 0% used [0x00000000e0000000,0x00000000e0000000,0x00000000e4000000)
  from space 10752K, 0% used [0x00000000e4a80000,0x00000000e4a80000,0x00000000e5500000)
  to   space 10752K, 0% used [0x00000000e4000000,0x00000000e4000000,0x00000000e4a80000)
 ParOldGen       total 87552K, used 6942K [0x00000000a0000000, 0x00000000a5580000, 0x00000000e0000000)
  object space 87552K, 7% used [0x00000000a0000000,0x00000000a06c7a58,0x00000000a5580000)
 Metaspace       used 20494K, capacity 21204K, committed 21248K, reserved 1067008K
  class space    used 2857K, capacity 3048K, committed 3072K, reserved 1048576K
}
Event: 2.716 GC heap before
{Heap before GC invocations=6 (full 1):
 PSYoungGen      total 76288K, used 65536K [0x00000000e0000000, 0x00000000e9500000, 0x0000000100000000)
  eden space 65536K, 100% used [0x00000000e0000000,0x00000000e4000000,0x00000000e4000000)
  from space 10752K, 0% used [0x00000000e4a80000,0x00000000e4a80000,0x00000000e5500000)
  to   space 10752K, 0% used [0x00000000e4000000,0x00000000e4000000,0x00000000e4a80000)
 ParOldGen       total 87552K, used 6942K [0x00000000a0000000, 0x00000000a5580000, 0x00000000e0000000)
  object space 87552K, 7% used [0x00000000a0000000,0x00000000a06c7a58,0x00000000a5580000)
 Metaspace       used 28518K, capacity 29386K, committed 29568K, reserved 1075200K
  class space    used 3940K, capacity 4191K, committed 4224K, reserved 1048576K
Event: 2.719 GC heap after
Heap after GC invocations=6 (full 1):
 PSYoungGen      total 76288K, used 8309K [0x00000000e0000000, 0x00000000e8880000, 0x0000000100000000)
  eden space 65536K, 0% used [0x00000000e0000000,0x00000000e0000000,0x00000000e4000000)
  from space 10752K, 77% used [0x00000000e4000000,0x00000000e481d438,0x00000000e4a80000)
  to   space 12288K, 0% used [0x00000000e7c80000,0x00000000e7c80000,0x00000000e8880000)
 ParOldGen       total 87552K, used 6950K [0x00000000a0000000, 0x00000000a5580000, 0x00000000e0000000)
  object space 87552K, 7% used [0x00000000a0000000,0x00000000a06c9a58,0x00000000a5580000)
 Metaspace       used 28518K, capacity 29386K, committed 29568K, reserved 1075200K
  class space    used 3940K, capacity 4191K, committed 4224K, reserved 1048576K
}
Event: 3.069 GC heap before
{Heap before GC invocations=7 (full 1):
 PSYoungGen      total 76288K, used 73845K [0x00000000e0000000, 0x00000000e8880000, 0x0000000100000000)
  eden space 65536K, 100% used [0x00000000e0000000,0x00000000e4000000,0x00000000e4000000)
  from space 10752K, 77% used [0x00000000e4000000,0x00000000e481d438,0x00000000e4a80000)
  to   space 12288K, 0% used [0x00000000e7c80000,0x00000000e7c80000,0x00000000e8880000)
 ParOldGen       total 87552K, used 6950K [0x00000000a0000000, 0x00000000a5580000, 0x00000000e0000000)
  object space 87552K, 7% used [0x00000000a0000000,0x00000000a06c9a58,0x00000000a5580000)
 Metaspace       used 32780K, capacity 33846K, committed 33920K, reserved 1079296K
  class space    used 4467K, capacity 4723K, committed 4736K, reserved 1048576K
Event: 3.075 GC heap after
Heap after GC invocations=7 (full 1):
 PSYoungGen      total 124416K, used 9329K [0x00000000e0000000, 0x00000000e8700000, 0x0000000100000000)
  eden space 113664K, 0% used [0x00000000e0000000,0x00000000e0000000,0x00000000e6f00000)
  from space 10752K, 86% used [0x00000000e7c80000,0x00000000e859c4d8,0x00000000e8700000)
  to   space 12288K, 0% used [0x00000000e6f00000,0x00000000e6f00000,0x00000000e7b00000)
 ParOldGen       total 87552K, used 6958K [0x00000000a0000000, 0x00000000a5580000, 0x00000000e0000000)
  object space 87552K, 7% used [0x00000000a0000000,0x00000000a06cba58,0x00000000a5580000)
 Metaspace       used 32780K, capacity 33846K, committed 33920K, reserved 1079296K
  class space    used 4467K, capacity 4723K, committed 4736K, reserved 1048576K
}
Event: 3.190 GC heap before
{Heap before GC invocations=8 (full 1):
 PSYoungGen      total 124416K, used 36790K [0x00000000e0000000, 0x00000000e8700000, 0x0000000100000000)
  eden space 113664K, 24% used [0x00000000e0000000,0x00000000e1ad1478,0x00000000e6f00000)
  from space 10752K, 86% used [0x00000000e7c80000,0x00000000e859c4d8,0x00000000e8700000)
  to   space 12288K, 0% used [0x00000000e6f00000,0x00000000e6f00000,0x00000000e7b00000)
 ParOldGen       total 87552K, used 6958K [0x00000000a0000000, 0x00000000a5580000, 0x00000000e0000000)
  object space 87552K, 7% used [0x00000000a0000000,0x00000000a06cba58,0x00000000a5580000)
 Metaspace       used 34183K, capacity 35392K, committed 35416K, reserved 1079296K
  class space    used 4694K, capacity 4973K, committed 4992K, reserved 1048576K
Event: 3.195 GC heap after
Heap after GC invocations=8 (full 1):
 PSYoungGen      total 125952K, used 8093K [0x00000000e0000000, 0x00000000edb00000, 0x0000000100000000)
  eden space 113664K, 0% used [0x00000000e0000000,0x00000000e0000000,0x00000000e6f00000)
  from space 12288K, 65% used [0x00000000e6f00000,0x00000000e76e75b8,0x00000000e7b00000)
  to   space 11776K, 0% used [0x00000000ecf80000,0x00000000ecf80000,0x00000000edb00000)
 ParOldGen       total 87552K, used 6966K [0x00000000a0000000, 0x00000000a5580000, 0x00000000e0000000)
  object space 87552K, 7% used [0x00000000a0000000,0x00000000a06cda58,0x00000000a5580000)
 Metaspace       used 34183K, capacity 35392K, committed 35416K, reserved 1079296K
  class space    used 4694K, capacity 4973K, committed 4992K, reserved 1048576K
}
Event: 3.195 GC heap before
{Heap before GC invocations=9 (full 2):
 PSYoungGen      total 125952K, used 8093K [0x00000000e0000000, 0x00000000edb00000, 0x0000000100000000)
  eden space 113664K, 0% used [0x00000000e0000000,0x00000000e0000000,0x00000000e6f00000)
  from space 12288K, 65% used [0x00000000e6f00000,0x00000000e76e75b8,0x00000000e7b00000)
  to   space 11776K, 0% used [0x00000000ecf80000,0x00000000ecf80000,0x00000000edb00000)
 ParOldGen       total 87552K, used 6966K [0x00000000a0000000, 0x00000000a5580000, 0x00000000e0000000)
  object space 87552K, 7% used [0x00000000a0000000,0x00000000a06cda58,0x00000000a5580000)
 Metaspace       used 34183K, capacity 35392K, committed 35416K, reserved 1079296K
  class space    used 4694K, capacity 4973K, committed 4992K, reserved 1048576K
Event: 3.224 GC heap after
Heap after GC invocations=9 (full 2):
 PSYoungGen      total 125952K, used 0K [0x00000000e0000000, 0x00000000edb00000, 0x0000000100000000)
  eden space 113664K, 0% used [0x00000000e0000000,0x00000000e0000000,0x00000000e6f00000)
  from space 12288K, 0% used [0x00000000e6f00000,0x00000000e6f00000,0x00000000e7b00000)
  to   space 11776K, 0% used [0x00000000ecf80000,0x00000000ecf80000,0x00000000edb00000)
 ParOldGen       total 87552K, used 14411K [0x00000000a0000000, 0x00000000a5580000, 0x00000000e0000000)
  object space 87552K, 16% used [0x00000000a0000000,0x00000000a0e12ee0,0x00000000a5580000)
 Metaspace       used 34183K, capacity 35392K, committed 35416K, reserved 1079296K
  class space    used 4694K, capacity 4973K, committed 4992K, reserved 1048576K
}

Deoptimization events (10 events):
Event: 3.079 Thread 0x000000001c35b800 Uncommon trap: reason=range_check action=make_not_entrant pc=0x0000000003d6ee2c method=java.lang.String.charAt(I)C @ 27
Event: 3.133 Thread 0x000000001c35b800 Uncommon trap: reason=unstable_if action=reinterpret pc=0x0000000003681328 method=java.net.URI.match(CJJ)Z @ 45
Event: 3.133 Thread 0x000000001c35b800 Uncommon trap: reason=unstable_if action=reinterpret pc=0x0000000003581f88 method=java.net.URI.match(CJJ)Z @ 19
Event: 3.422 Thread 0x000000001c823800 Uncommon trap: reason=unstable_if action=reinterpret pc=0x0000000003946e30 method=java.util.concurrent.ConcurrentHashMap.addCount(JI)V @ 34
Event: 3.429 Thread 0x000000001c82c800 Uncommon trap: reason=unstable_if action=reinterpret pc=0x00000000038c341c method=java.util.concurrent.ConcurrentHashMap.addCount(JI)V @ 34
Event: 3.495 Thread 0x000000001c43a800 Uncommon trap: reason=unstable_if action=reinterpret pc=0x0000000003f7355c method=java.util.concurrent.SynchronousQueue$TransferStack.shouldSpin(Ljava/util/concurrent/SynchronousQueue$TransferStack$SNode;)Z @ 7
Event: 3.495 Thread 0x000000001c82b000 Uncommon trap: reason=unstable_if action=reinterpret pc=0x0000000003f7355c method=java.util.concurrent.SynchronousQueue$TransferStack.shouldSpin(Ljava/util/concurrent/SynchronousQueue$TransferStack$SNode;)Z @ 7
Event: 3.495 Thread 0x000000001c82b800 Uncommon trap: reason=unstable_if action=reinterpret pc=0x0000000003f7355c method=java.util.concurrent.SynchronousQueue$TransferStack.shouldSpin(Ljava/util/concurrent/SynchronousQueue$TransferStack$SNode;)Z @ 7
Event: 3.536 Thread 0x000000001c35b800 Uncommon trap: reason=unstable_if action=reinterpret pc=0x0000000003763084 method=java.util.jar.JarFile.match([C[B[I[I)Z @ 29
Event: 3.555 Thread 0x000000001c35b800 Uncommon trap: reason=unstable_if action=reinterpret pc=0x0000000003700010 method=java.util.regex.Pattern.has(I)Z @ 6

Classes redefined (0 events):
No events

Internal exceptions (10 events):
Event: 3.538 Thread 0x000000001c35b800 Exception <a 'java/security/PrivilegedActionException'> (0x00000000e59da898) thrown at [C:\src\AOSP-openjdk-git\hotspot\src\share\vm\prims\jvm.cpp, line 1502]
Event: 3.538 Thread 0x000000001c35b800 Exception <a 'java/security/PrivilegedActionException'> (0x00000000e59dd4e8) thrown at [C:\src\AOSP-openjdk-git\hotspot\src\share\vm\prims\jvm.cpp, line 1502]
Event: 3.538 Thread 0x000000001c35b800 Exception <a 'java/security/PrivilegedActionException'> (0x00000000e59de080) thrown at [C:\src\AOSP-openjdk-git\hotspot\src\share\vm\prims\jvm.cpp, line 1502]
Event: 3.545 Thread 0x000000001c35b800 Exception <a 'java/security/PrivilegedActionException'> (0x00000000e5a692a0) thrown at [C:\src\AOSP-openjdk-git\hotspot\src\share\vm\prims\jvm.cpp, line 1502]
Event: 3.545 Thread 0x000000001c35b800 Exception <a 'java/security/PrivilegedActionException'> (0x00000000e5a69e38) thrown at [C:\src\AOSP-openjdk-git\hotspot\src\share\vm\prims\jvm.cpp, line 1502]
Event: 3.551 Thread 0x000000001c35b800 Exception <a 'java/lang/OutOfMemoryError'> (0x00000000e5b37af8) thrown at [C:\src\AOSP-openjdk-git\hotspot\src\share\vm\prims\jni.cpp, line 737]
Event: 3.551 Thread 0x000000001c35b800 Exception <a 'java/lang/OutOfMemoryError'> (0x00000000e5b37af8) thrown at [C:\src\AOSP-openjdk-git\hotspot\src\share\vm\prims\jvm.cpp, line 1506]
Event: 3.551 Thread 0x000000001c35b800 Exception <a 'java/lang/OutOfMemoryError'> (0x00000000e5b37af8) thrown at [C:\src\AOSP-openjdk-git\hotspot\src\share\vm\prims\jvm.cpp, line 1506]
Event: 3.551 Thread 0x000000001c35b800 Exception <a 'java/lang/OutOfMemoryError'> (0x00000000e5b37af8) thrown at [C:\src\AOSP-openjdk-git\hotspot\src\share\vm\prims\jvm.cpp, line 1506]
Event: 3.551 Thread 0x000000001c35b800 Exception <a 'java/lang/OutOfMemoryError'> (0x00000000e5b37af8) thrown at [C:\src\AOSP-openjdk-git\hotspot\src\share\vm\prims\jvm.cpp, line 1506]

Events (10 events):
Event: 3.555 loading class java/util/regex/Pattern$SingleI
Event: 3.555 loading class java/util/regex/Pattern$SingleI done
Event: 3.555 loading class java/util/regex/Pattern$3
Event: 3.555 loading class java/util/regex/Pattern$3 done
Event: 3.556 loading class org/gradle/internal/build/event/types/DefaultFailure
Event: 3.556 loading class org/gradle/internal/build/event/types/DefaultFailure done
Event: 3.556 loading class org/gradle/tooling/internal/protocol/InternalFailure
Event: 3.556 loading class org/gradle/tooling/internal/protocol/InternalFailure done
Event: 3.556 loading class java/lang/Throwable$WrappedPrintWriter
Event: 3.556 loading class java/lang/Throwable$PrintStreamOrWriter


Dynamic libraries:
0x00007ff6042f0000 - 0x00007ff604321000 	D:\AndroidStudio\jre\bin\java.exe
0x00007ffb699d0000 - 0x00007ffb69bc5000 	C:\WINDOWS\SYSTEM32\ntdll.dll
0x00007ffb689e0000 - 0x00007ffb68a9d000 	C:\WINDOWS\System32\KERNEL32.DLL
0x00007ffb67210000 - 0x00007ffb674d9000 	C:\WINDOWS\System32\KERNELBASE.dll
0x00007ffb690c0000 - 0x00007ffb6916c000 	C:\WINDOWS\System32\ADVAPI32.dll
0x00007ffb69020000 - 0x00007ffb690be000 	C:\WINDOWS\System32\msvcrt.dll
0x00007ffb67a30000 - 0x00007ffb67acc000 	C:\WINDOWS\System32\sechost.dll
0x00007ffb688b0000 - 0x00007ffb689db000 	C:\WINDOWS\System32\RPCRT4.dll
0x00007ffb68e80000 - 0x00007ffb69020000 	C:\WINDOWS\System32\USER32.dll
0x00007ffb67950000 - 0x00007ffb67972000 	C:\WINDOWS\System32\win32u.dll
0x00007ffb69180000 - 0x00007ffb691aa000 	C:\WINDOWS\System32\GDI32.dll
0x00007ffb674e0000 - 0x00007ffb675eb000 	C:\WINDOWS\System32\gdi32full.dll
0x00007ffb67750000 - 0x00007ffb677ed000 	C:\WINDOWS\System32\msvcp_win.dll
0x00007ffb67110000 - 0x00007ffb67210000 	C:\WINDOWS\System32\ucrtbase.dll
0x00007ffb53970000 - 0x00007ffb53c0a000 	C:\WINDOWS\WinSxS\amd64_microsoft.windows.common-controls_6595b64144ccf1df_6.0.19041.844_none_ca00b6081b84eb1d\COMCTL32.dll
0x00007ffb69900000 - 0x00007ffb69930000 	C:\WINDOWS\System32\IMM32.DLL
0x000000006f3e0000 - 0x000000006f4b2000 	D:\AndroidStudio\jre\jre\bin\msvcr100.dll
0x000000006d480000 - 0x000000006dccb000 	D:\AndroidStudio\jre\jre\bin\server\jvm.dll
0x00007ffb67c00000 - 0x00007ffb67c08000 	C:\WINDOWS\System32\PSAPI.DLL
0x00007ffb635d0000 - 0x00007ffb635d9000 	C:\WINDOWS\SYSTEM32\WSOCK32.dll
0x00007ffb60ee0000 - 0x00007ffb60eea000 	C:\WINDOWS\SYSTEM32\VERSION.dll
0x00007ffb52790000 - 0x00007ffb527b7000 	C:\WINDOWS\SYSTEM32\WINMM.dll
0x00007ffb68e10000 - 0x00007ffb68e7b000 	C:\WINDOWS\System32\WS2_32.dll
0x00007ffb63630000 - 0x00007ffb6363f000 	D:\AndroidStudio\jre\jre\bin\verify.dll
0x00007ffb5c650000 - 0x00007ffb5c679000 	D:\AndroidStudio\jre\jre\bin\java.dll
0x00007ffb61d10000 - 0x00007ffb61d26000 	D:\AndroidStudio\jre\jre\bin\zip.dll
0x00007ffb691b0000 - 0x00007ffb698f2000 	C:\WINDOWS\System32\SHELL32.dll
0x00007ffb64eb0000 - 0x00007ffb65640000 	C:\WINDOWS\SYSTEM32\windows.storage.dll
0x00007ffb67c10000 - 0x00007ffb67f65000 	C:\WINDOWS\System32\combase.dll
0x00007ffb66b80000 - 0x00007ffb66bac000 	C:\WINDOWS\SYSTEM32\Wldp.dll
0x00007ffb68080000 - 0x00007ffb6812e000 	C:\WINDOWS\System32\SHCORE.dll
0x00007ffb69930000 - 0x00007ffb69985000 	C:\WINDOWS\System32\shlwapi.dll
0x00007ffb67050000 - 0x00007ffb6706f000 	C:\WINDOWS\SYSTEM32\profapi.dll
0x00007ffb5c700000 - 0x00007ffb5c71a000 	D:\AndroidStudio\jre\jre\bin\net.dll
0x00007ffb66900000 - 0x00007ffb6696a000 	C:\WINDOWS\system32\mswsock.dll
0x00007ffb5c200000 - 0x00007ffb5c213000 	D:\AndroidStudio\jre\jre\bin\nio.dll
0x00007ffb4fda0000 - 0x00007ffb4fdc7000 	C:\Users\LENOVO\.gradle\native\f6784746aeab05261644944871eae4fe03e0ef1612fff0a4a95f87b438bc6780\windows-amd64\native-platform.dll
0x00007ffb635a0000 - 0x00007ffb635ad000 	D:\AndroidStudio\jre\jre\bin\management.dll
0x00007ffb66ae0000 - 0x00007ffb66af8000 	C:\WINDOWS\SYSTEM32\CRYPTSP.dll
0x00007ffb66230000 - 0x00007ffb66264000 	C:\WINDOWS\system32\rsaenh.dll
0x00007ffb67980000 - 0x00007ffb679a7000 	C:\WINDOWS\System32\bcrypt.dll
0x00007ffb67010000 - 0x00007ffb6703e000 	C:\WINDOWS\SYSTEM32\USERENV.dll
0x00007ffb679b0000 - 0x00007ffb67a30000 	C:\WINDOWS\System32\bcryptprimitives.dll
0x00007ffb66ad0000 - 0x00007ffb66adc000 	C:\WINDOWS\SYSTEM32\CRYPTBASE.dll
0x00007ffb665a0000 - 0x00007ffb665db000 	C:\WINDOWS\SYSTEM32\IPHLPAPI.DLL
0x00007ffb69170000 - 0x00007ffb69178000 	C:\WINDOWS\System32\NSI.dll
0x00007ffb5e3b0000 - 0x00007ffb5e3c7000 	C:\WINDOWS\SYSTEM32\dhcpcsvc6.DLL
0x00007ffb5f0d0000 - 0x00007ffb5f0ed000 	C:\WINDOWS\SYSTEM32\dhcpcsvc.DLL
0x00007ffb665e0000 - 0x00007ffb666ab000 	C:\WINDOWS\SYSTEM32\DNSAPI.dll
0x00007ffb5f4e0000 - 0x00007ffb5f4eb000 	C:\WINDOWS\SYSTEM32\WINNSI.DLL

VM Arguments:
jvm_args: -Xmx1536m -Dfile.encoding=windows-1252 -Duser.country=MX -Duser.language=es -Duser.variant 
java_command: org.gradle.launcher.daemon.bootstrap.GradleDaemon 6.5
java_class_path (initial): C:\Users\LENOVO\.gradle\wrapper\dists\gradle-6.5-all\2oz4ud9k3tuxjg84bbf55q0tn\gradle-6.5\lib\gradle-launcher-6.5.jar
Launcher Type: SUN_STANDARD

Environment Variables:
JAVA_HOME=D:\AndroidStudio\jre
JRE_HOME=C:\Program Files (x86)\Java\jre1.8.0_271
PATH=D:\JDK VISUAL CODE\bin;C:\Program Files (x86)\Common Files\Oracle\Java\javapath;C:\Program Files\Common Files\Oracle\Java\javapath;C:\Windows\system32;C:\Windows;C:\Windows\System32\Wbem;C:\Windows\System32\WindowsPowerShell\v1.0\;C:\Windows\System32\OpenSSH\;C:\Program Files (x86)\NVIDIA Corporation\PhysX\Common;C:\Program Files\NVIDIA Corporation\NVIDIA NvDLISR;C:\Program Files\nodejs\;C:\WINDOWS\system32;C:\WINDOWS;C:\WINDOWS\System32\Wbem;C:\WINDOWS\System32\WindowsPowerShell\v1.0\;C:\WINDOWS\System32\OpenSSH\;C:\Program Files\Git\cmd;D:\FPC\bin\i386-Win32;C:\Program Files\dotnet\;D:\Flutter\bin;C:\Program Files (x86)\Microsoft SQL Server\150\DTS\Binn\;C:\Program Files\Azure Data Studio\bin;C:\Program Files\Microsoft SQL Server\Client SDK\ODBC\170\Tools\Binn\;C:\Program Files (x86)\Microsoft SQL Server\150\Tools\Binn\;C:\Program Files\Microsoft SQL Server\150\Tools\Binn\;C:\Program Files\Microsoft SQL Server\150\DTS\Binn\;C:\Program Files\Microsoft SQL Server\130\Tools\Binn\;C:\Users\LENOVO\AppData\Local\Microsoft\WindowsApps;C:\Users\LENOVO\AppData\Local\Programs\Microsoft VS Code\bin;C:\Users\LENOVO\AppData\Roaming\npm;C:\Users\LENOVO\.dotnet\tools;JAVA_HOME;JAVA_JRE;D:\Flutter\bin;;C:\Program Files\Azure Data Studio\bin
USERNAME=LENOVO
OS=Windows_NT
PROCESSOR_IDENTIFIER=Intel64 Family 6 Model 158 Stepping 10, GenuineIntel



---------------  S Y S T E M  ---------------

OS: Windows 10.0 , 64 bit Build 19041 (10.0.19041.804)

CPU:total 12 (initial active 12) (6 cores per cpu, 2 threads per core) family 6 model 158 stepping 10, cmov, cx8, fxsr, mmx, sse, sse2, sse3, ssse3, sse4.1, sse4.2, popcnt, avx, avx2, aes, clmul, erms, 3dnowpref, lzcnt, ht, tsc, tscinvbit, bmi1, bmi2, adx

Memory: 4k page, physical 16653556k(1552664k free), swap 26893556k(5344k free)

vm_info: OpenJDK 64-Bit Server VM (25.242-b01) for windows-amd64 JRE (1.8.0_242-release-1644-b01), built by "builder" with MS VC++ 10.0 (VS2010)

time: Fri Apr 23 09:29:25 2021
timezone: Hora verano, Montañas (México)
elapsed time: 3 seconds (0d 0h 0m 3s)

