#
# There is insufficient memory for the Java Runtime Environment to continue.
# Native memory allocation (malloc) failed to allocate 1207824 bytes for Chunk::new
# Possible reasons:
#   The system is out of physical RAM or swap space
#   The process is running with CompressedOops enabled, and the Java Heap may be blocking the growth of the native heap
# Possible solutions:
#   Reduce memory load on the system
#   Increase physical memory or swap space
#   Check if swap backing store is full
#   Decrease Java heap size (-Xmx/-Xms)
#   Decrease number of Java threads
#   Decrease Java thread stack sizes (-Xss)
#   Set larger code cache with -XX:ReservedCodeCacheSize=
#   JVM is running with Unscaled Compressed Oops mode in which the Java heap is
#     placed in the first 4GB address space. The Java Heap base address is the
#     maximum limit for the native heap growth. Please use -XX:HeapBaseMinAddress
#     to set the Java Heap base and to place the Java Heap above 4GB virtual address.
# This output file may be truncated or incomplete.
#
#  Out of Memory Error (allocation.cpp:389), pid=9704, tid=0x0000000000006154
#
# JRE version: OpenJDK Runtime Environment (8.0_242-b01) (build 1.8.0_242-release-1644-b01)
# Java VM: OpenJDK 64-Bit Server VM (25.242-b01 mixed mode windows-amd64 compressed oops)
# Failed to write core dump. Minidumps are not enabled by default on client versions of Windows
#

---------------  T H R E A D  ---------------

Current thread (0x0000000018973000):  JavaThread "C2 CompilerThread2" daemon [_thread_in_native, id=24916, stack(0x000000001a1e0000,0x000000001a2e0000)]

Stack: [0x000000001a1e0000,0x000000001a2e0000]
[error occurred during error reporting (printing stack bounds), id 0xc0000005]

Native frames: (J=compiled Java code, j=interpreted, Vv=VM code, C=native code)


Current CompileTask:
C2:   5732 5132       4       sun.reflect.generics.parser.SignatureParser::parseClassTypeSignature (118 bytes)


---------------  P R O C E S S  ---------------

Java Threads: ( => current thread )
  0x0000000021e49800 JavaThread "Cache worker for file content cache (C:\Users\LENOVO\Desktop\SinFloo_app-restclient-android-f1ebed55aac97f54fb6eca3f7a28ee03e72ff962\.gradle\6.5\fileContent)" [_thread_blocked, id=20500, stack(0x000000002ce20000,0x000000002cf20000)]
  0x0000000021e4c800 JavaThread "Memory manager" [_thread_blocked, id=31036, stack(0x000000002cd20000,0x000000002ce20000)]
  0x0000000021e47000 JavaThread "pool-1-thread-1" [_thread_blocked, id=12788, stack(0x000000002b020000,0x000000002b120000)]
  0x0000000021e45000 JavaThread "Cache worker for Build Output Cleanup Cache (C:\Users\LENOVO\Desktop\SinFloo_app-restclient-android-f1ebed55aac97f54fb6eca3f7a28ee03e72ff962\.gradle\buildOutputCleanup)" [_thread_blocked, id=13696, stack(0x000000002a880000,0x000000002a980000)]
  0x0000000021e49000 JavaThread "jar transforms Thread 92" [_thread_blocked, id=38008, stack(0x000000002ab20000,0x000000002ac20000)]
  0x0000000021fcf000 JavaThread "jar transforms Thread 91" [_thread_blocked, id=15776, stack(0x000000002aa20000,0x000000002ab20000)]
  0x0000000021fce000 JavaThread "jar transforms Thread 90" [_thread_blocked, id=30408, stack(0x000000002a780000,0x000000002a880000)]
  0x0000000021fc9000 JavaThread "jar transforms Thread 89" [_thread_blocked, id=33224, stack(0x000000002a680000,0x000000002a780000)]
  0x0000000021fcc800 JavaThread "jar transforms Thread 88" [_thread_blocked, id=31680, stack(0x000000002a580000,0x000000002a680000)]
  0x0000000021fcc000 JavaThread "jar transforms Thread 87" [_thread_blocked, id=10032, stack(0x000000002a480000,0x000000002a580000)]
  0x0000000021fcb000 JavaThread "jar transforms Thread 86" [_thread_blocked, id=16300, stack(0x000000002a380000,0x000000002a480000)]
  0x0000000021fca800 JavaThread "jar transforms Thread 85" [_thread_blocked, id=22140, stack(0x000000002a280000,0x000000002a380000)]
  0x0000000021fcd800 JavaThread "jar transforms Thread 84" [_thread_blocked, id=17312, stack(0x000000002a180000,0x000000002a280000)]
  0x0000000021fc7800 JavaThread "jar transforms Thread 83" [_thread_blocked, id=33520, stack(0x000000002a080000,0x000000002a180000)]
  0x0000000021fc9800 JavaThread "jar transforms Thread 82" [_thread_blocked, id=3056, stack(0x0000000029f80000,0x000000002a080000)]
  0x0000000021fc8000 JavaThread "jar transforms Thread 81" [_thread_blocked, id=25372, stack(0x0000000029e80000,0x0000000029f80000)]
  0x0000000021fc0000 JavaThread "jar transforms Thread 80" [_thread_blocked, id=18444, stack(0x0000000029d80000,0x0000000029e80000)]
  0x0000000021fc6800 JavaThread "jar transforms Thread 79" [_thread_blocked, id=19856, stack(0x0000000029c80000,0x0000000029d80000)]
  0x0000000021fc5000 JavaThread "jar transforms Thread 78" [_thread_blocked, id=29216, stack(0x0000000029b80000,0x0000000029c80000)]
  0x0000000021fc4800 JavaThread "jar transforms Thread 77" [_thread_blocked, id=2184, stack(0x0000000029a80000,0x0000000029b80000)]
  0x0000000021fc1800 JavaThread "jar transforms Thread 76" [_thread_blocked, id=5832, stack(0x0000000029980000,0x0000000029a80000)]
  0x0000000021fc6000 JavaThread "jar transforms Thread 75" [_thread_blocked, id=35368, stack(0x0000000029880000,0x0000000029980000)]
  0x0000000021fc3800 JavaThread "jar transforms Thread 74" [_thread_blocked, id=36940, stack(0x0000000029780000,0x0000000029880000)]
  0x0000000021fc0800 JavaThread "jar transforms Thread 73" [_thread_blocked, id=37036, stack(0x0000000029680000,0x0000000029780000)]
  0x0000000021fc3000 JavaThread "jar transforms Thread 72" [_thread_blocked, id=22120, stack(0x0000000029580000,0x0000000029680000)]
  0x0000000021fc2000 JavaThread "jar transforms Thread 71" [_thread_blocked, id=33616, stack(0x0000000029480000,0x0000000029580000)]
  0x000000001ffcf000 JavaThread "jar transforms Thread 70" [_thread_blocked, id=11552, stack(0x0000000029380000,0x0000000029480000)]
  0x000000001ffd1000 JavaThread "jar transforms Thread 69" [_thread_blocked, id=38112, stack(0x0000000029280000,0x0000000029380000)]
  0x000000001ffcf800 JavaThread "jar transforms Thread 68" [_thread_blocked, id=26672, stack(0x0000000029180000,0x0000000029280000)]
  0x000000001ffd2800 JavaThread "jar transforms Thread 67" [_thread_blocked, id=39344, stack(0x0000000029080000,0x0000000029180000)]
  0x000000001ffce000 JavaThread "jar transforms Thread 66" [_thread_blocked, id=380, stack(0x0000000028f80000,0x0000000029080000)]
  0x000000001ffd2000 JavaThread "jar transforms Thread 65" [_thread_blocked, id=20496, stack(0x0000000028e80000,0x0000000028f80000)]
  0x000000001ffd3800 JavaThread "jar transforms Thread 64" [_thread_blocked, id=17992, stack(0x0000000028d80000,0x0000000028e80000)]
  0x000000001ffd0800 JavaThread "jar transforms Thread 63" [_thread_blocked, id=26428, stack(0x0000000028c80000,0x0000000028d80000)]
  0x000000001ffc6800 JavaThread "jar transforms Thread 62" [_thread_blocked, id=33416, stack(0x0000000028b80000,0x0000000028c80000)]
  0x000000001ffcd800 JavaThread "jar transforms Thread 61" [_thread_blocked, id=26296, stack(0x0000000028a80000,0x0000000028b80000)]
  0x000000001ffc7800 JavaThread "jar transforms Thread 60" [_thread_blocked, id=36656, stack(0x0000000028980000,0x0000000028a80000)]
  0x000000001ffc6000 JavaThread "jar transforms Thread 59" [_thread_blocked, id=4432, stack(0x0000000028880000,0x0000000028980000)]
  0x000000001ffc9800 JavaThread "jar transforms Thread 58" [_thread_blocked, id=23756, stack(0x0000000028780000,0x0000000028880000)]
  0x000000001ffcc800 JavaThread "jar transforms Thread 57" [_thread_blocked, id=14492, stack(0x0000000028680000,0x0000000028780000)]
  0x000000001ffc5000 JavaThread "jar transforms Thread 56" [_thread_blocked, id=16604, stack(0x0000000028580000,0x0000000028680000)]
  0x000000001ffcc000 JavaThread "jar transforms Thread 55" [_thread_blocked, id=29024, stack(0x0000000028480000,0x0000000028580000)]
  0x000000001ffca800 JavaThread "jar transforms Thread 54" [_thread_blocked, id=37520, stack(0x0000000028380000,0x0000000028480000)]
  0x000000001ffc4800 JavaThread "jar transforms Thread 53" [_thread_blocked, id=38872, stack(0x0000000028280000,0x0000000028380000)]
  0x000000001ffc9000 JavaThread "jar transforms Thread 52" [_thread_blocked, id=38140, stack(0x0000000028180000,0x0000000028280000)]
  0x000000001ffcb000 JavaThread "jar transforms Thread 51" [_thread_blocked, id=17844, stack(0x0000000027bf0000,0x0000000027cf0000)]
  0x000000001ffc8000 JavaThread "jar transforms Thread 50" [_thread_blocked, id=21040, stack(0x0000000028080000,0x0000000028180000)]
  0x000000002207d800 JavaThread "jar transforms Thread 49" [_thread_blocked, id=33180, stack(0x0000000027f80000,0x0000000028080000)]
  0x000000002207c000 JavaThread "jar transforms Thread 48" [_thread_blocked, id=8484, stack(0x0000000027e80000,0x0000000027f80000)]
  0x0000000022079000 JavaThread "jar transforms Thread 47" [_thread_blocked, id=39800, stack(0x0000000027d80000,0x0000000027e80000)]
  0x000000002207b000 JavaThread "jar transforms Thread 46" [_thread_blocked, id=33556, stack(0x0000000027af0000,0x0000000027bf0000)]
  0x000000002207c800 JavaThread "jar transforms Thread 45" [_thread_blocked, id=628, stack(0x00000000279f0000,0x0000000027af0000)]
  0x0000000022078000 JavaThread "jar transforms Thread 44" [_thread_blocked, id=38368, stack(0x00000000278f0000,0x00000000279f0000)]
  0x0000000022079800 JavaThread "jar transforms Thread 43" [_thread_blocked, id=11776, stack(0x00000000277f0000,0x00000000278f0000)]
  0x0000000022073800 JavaThread "jar transforms Thread 42" [_thread_blocked, id=35260, stack(0x00000000276f0000,0x00000000277f0000)]
  0x000000002207a800 JavaThread "jar transforms Thread 41" [_thread_blocked, id=34276, stack(0x00000000275f0000,0x00000000276f0000)]
  0x0000000022076000 JavaThread "jar transforms Thread 40" [_thread_blocked, id=22216, stack(0x00000000274f0000,0x00000000275f0000)]
  0x0000000022074800 JavaThread "jar transforms Thread 39" [_thread_blocked, id=34360, stack(0x00000000273f0000,0x00000000274f0000)]
  0x0000000022077800 JavaThread "jar transforms Thread 38" [_thread_blocked, id=26276, stack(0x00000000272f0000,0x00000000273f0000)]
  0x0000000022076800 JavaThread "jar transforms Thread 37" [_thread_blocked, id=29052, stack(0x00000000271f0000,0x00000000272f0000)]
  0x000000002206e800 JavaThread "jar transforms Thread 36" [_thread_blocked, id=27144, stack(0x00000000270f0000,0x00000000271f0000)]
  0x0000000022072000 JavaThread "jar transforms Thread 35" [_thread_blocked, id=6996, stack(0x0000000026ff0000,0x00000000270f0000)]
  0x0000000022073000 JavaThread "jar transforms Thread 34" [_thread_blocked, id=13868, stack(0x0000000026ef0000,0x0000000026ff0000)]
  0x0000000022071800 JavaThread "jar transforms Thread 33" [_thread_blocked, id=4276, stack(0x0000000026df0000,0x0000000026ef0000)]
  0x0000000022070800 JavaThread "jar transforms Thread 32" [_thread_blocked, id=28912, stack(0x0000000026cf0000,0x0000000026df0000)]
  0x0000000022075000 JavaThread "jar transforms Thread 31" [_thread_blocked, id=25708, stack(0x0000000026bf0000,0x0000000026cf0000)]
  0x000000002206f000 JavaThread "jar transforms Thread 30" [_thread_blocked, id=37060, stack(0x0000000026af0000,0x0000000026bf0000)]
  0x0000000022070000 JavaThread "jar transforms Thread 29" [_thread_blocked, id=27196, stack(0x00000000269f0000,0x0000000026af0000)]
  0x0000000020127000 JavaThread "jar transforms Thread 28" [_thread_blocked, id=10900, stack(0x00000000268f0000,0x00000000269f0000)]
  0x0000000020126800 JavaThread "jar transforms Thread 27" [_thread_blocked, id=6748, stack(0x00000000267f0000,0x00000000268f0000)]
  0x0000000020125000 JavaThread "jar transforms Thread 26" [_thread_blocked, id=23872, stack(0x00000000266f0000,0x00000000267f0000)]
  0x0000000020124000 JavaThread "jar transforms Thread 25" [_thread_blocked, id=24528, stack(0x00000000265f0000,0x00000000266f0000)]
  0x0000000020125800 JavaThread "jar transforms Thread 24" [_thread_blocked, id=24216, stack(0x00000000264f0000,0x00000000265f0000)]
  0x0000000020123800 JavaThread "jar transforms Thread 23" [_thread_blocked, id=18200, stack(0x00000000263f0000,0x00000000264f0000)]
  0x0000000020122800 JavaThread "jar transforms Thread 22" [_thread_blocked, id=36876, stack(0x00000000262f0000,0x00000000263f0000)]
  0x000000002011b000 JavaThread "jar transforms Thread 21" [_thread_blocked, id=31396, stack(0x00000000261f0000,0x00000000262f0000)]
  0x0000000020122000 JavaThread "jar transforms Thread 20" [_thread_blocked, id=35864, stack(0x00000000260f0000,0x00000000261f0000)]
  0x000000002011a800 JavaThread "jar transforms Thread 19" [_thread_blocked, id=21716, stack(0x0000000025ff0000,0x00000000260f0000)]
  0x0000000020121000 JavaThread "jar transforms Thread 18" [_thread_blocked, id=16944, stack(0x0000000025ef0000,0x0000000025ff0000)]
  0x0000000020120800 JavaThread "jar transforms Thread 17" [_thread_blocked, id=33204, stack(0x0000000025df0000,0x0000000025ef0000)]
  0x000000002011c800 JavaThread "jar transforms Thread 16" [_thread_blocked, id=21780, stack(0x0000000025cf0000,0x0000000025df0000)]
  0x000000002011f800 JavaThread "jar transforms Thread 15" [_thread_blocked, id=13996, stack(0x0000000025bf0000,0x0000000025cf0000)]
  0x0000000020118000 JavaThread "jar transforms Thread 14" [_thread_blocked, id=38004, stack(0x0000000025760000,0x0000000025860000)]
  0x000000002011f000 JavaThread "jar transforms Thread 13" [_thread_blocked, id=38812, stack(0x0000000025af0000,0x0000000025bf0000)]
  0x0000000020119800 JavaThread "jar transforms Thread 12" [_thread_blocked, id=23084, stack(0x00000000259f0000,0x0000000025af0000)]
  0x000000002011d800 JavaThread "jar transforms Thread 11" [_thread_blocked, id=39372, stack(0x00000000258f0000,0x00000000259f0000)]
  0x0000000020119000 JavaThread "jar transforms Thread 10" [_thread_blocked, id=25972, stack(0x0000000025660000,0x0000000025760000)]
  0x000000002011c000 JavaThread "jar transforms Thread 9" [_thread_blocked, id=30520, stack(0x0000000025560000,0x0000000025660000)]
  0x000000002011e000 JavaThread "jar transforms Thread 8" [_thread_blocked, id=28776, stack(0x0000000025460000,0x0000000025560000)]
  0x000000001fce8800 JavaThread "jar transforms Thread 7" [_thread_blocked, id=13792, stack(0x0000000025360000,0x0000000025460000)]
  0x000000001fce7800 JavaThread "jar transforms Thread 6" [_thread_blocked, id=34028, stack(0x0000000025260000,0x0000000025360000)]
  0x000000001fce7000 JavaThread "jar transforms Thread 5" [_thread_blocked, id=11600, stack(0x0000000025160000,0x0000000025260000)]
  0x000000001fce9000 JavaThread "jar transforms Thread 4" [_thread_blocked, id=484, stack(0x0000000025060000,0x0000000025160000)]
  0x000000001fce6000 JavaThread "jar transforms Thread 3" [_thread_blocked, id=18708, stack(0x0000000024f60000,0x0000000025060000)]
  0x000000001fcde800 JavaThread "jar transforms Thread 2" [_thread_blocked, id=17128, stack(0x0000000024e60000,0x0000000024f60000)]
  0x000000001fce5800 JavaThread "Build operations Thread 12" [_thread_blocked, id=12564, stack(0x0000000024d60000,0x0000000024e60000)]
  0x000000001fce3800 JavaThread "Build operations Thread 11" [_thread_blocked, id=38516, stack(0x0000000024c60000,0x0000000024d60000)]
  0x000000001fce2000 JavaThread "Build operations Thread 10" [_thread_blocked, id=11140, stack(0x0000000024b60000,0x0000000024c60000)]
  0x000000001fce3000 JavaThread "Build operations Thread 9" [_thread_blocked, id=35360, stack(0x0000000024a60000,0x0000000024b60000)]
  0x000000001fce4800 JavaThread "Build operations Thread 8" [_thread_blocked, id=22260, stack(0x0000000024960000,0x0000000024a60000)]
  0x000000001fce1800 JavaThread "Build operations Thread 7" [_thread_blocked, id=36760, stack(0x0000000024860000,0x0000000024960000)]
  0x000000001fcdd000 JavaThread "Build operations Thread 6" [_thread_blocked, id=22936, stack(0x0000000024760000,0x0000000024860000)]
  0x000000001fcda000 JavaThread "Build operations Thread 5" [_thread_blocked, id=6812, stack(0x0000000024660000,0x0000000024760000)]
  0x000000001fce0000 JavaThread "Build operations Thread 4" [_thread_blocked, id=30292, stack(0x0000000024560000,0x0000000024660000)]
  0x000000001fcdd800 JavaThread "Build operations Thread 3" [_thread_blocked, id=34384, stack(0x0000000024460000,0x0000000024560000)]
  0x000000001fcdc000 JavaThread "Build operations Thread 2" [_thread_blocked, id=32740, stack(0x0000000024360000,0x0000000024460000)]
  0x000000001fce0800 JavaThread "Build operations" [_thread_blocked, id=35168, stack(0x0000000024260000,0x0000000024360000)]
  0x000000001a935800 JavaThread "Cache worker for file content cache (C:\Users\LENOVO\.gradle\caches\6.5\fileContent)" [_thread_blocked, id=35140, stack(0x0000000022b90000,0x0000000022c90000)]
  0x000000001a935000 JavaThread "jar transforms" [_thread_blocked, id=26196, stack(0x0000000022a90000,0x0000000022b90000)]
  0x000000001a934000 JavaThread "Cache worker for execution history cache (C:\Users\LENOVO\.gradle\caches\6.5\executionHistory)" [_thread_blocked, id=24792, stack(0x0000000022390000,0x0000000022490000)]
  0x000000001a937000 JavaThread "Cache worker for cache directory md-rule (C:\Users\LENOVO\.gradle\caches\6.5\md-rule)" [_thread_blocked, id=21104, stack(0x0000000022290000,0x0000000022390000)]
  0x000000001a939800 JavaThread "Cache worker for cache directory md-supplier (C:\Users\LENOVO\.gradle\caches\6.5\md-supplier)" [_thread_blocked, id=3236, stack(0x00000000210e0000,0x00000000211e0000)]
  0x000000001a933800 JavaThread "Cache worker for checksums cache (C:\Users\LENOVO\Desktop\SinFloo_app-restclient-android-f1ebed55aac97f54fb6eca3f7a28ee03e72ff962\.gradle\checksums)" [_thread_blocked, id=14496, stack(0x0000000020d30000,0x0000000020e30000)]
  0x000000001a938800 JavaThread "Cache worker for file hash cache (C:\Users\LENOVO\Desktop\SinFloo_app-restclient-android-f1ebed55aac97f54fb6eca3f7a28ee03e72ff962\.gradle\6.5\fileHashes)" [_thread_blocked, id=38928, stack(0x000000001fa40000,0x000000001fb40000)]
  0x000000001a93a000 JavaThread "Cache worker for file hash cache (C:\Users\LENOVO\.gradle\caches\6.5\fileHashes)" [_thread_blocked, id=27772, stack(0x000000001e770000,0x000000001e870000)]
  0x000000001a938000 JavaThread "File lock request listener" [_thread_in_native, id=26404, stack(0x000000001e670000,0x000000001e770000)]
  0x000000001c4d3000 JavaThread "Cache worker for journal cache (C:\Users\LENOVO\.gradle\caches\journal-1)" [_thread_blocked, id=7964, stack(0x000000001e570000,0x000000001e670000)]
  0x000000001c424000 JavaThread "Thread-9" [_thread_blocked, id=36648, stack(0x000000001e270000,0x000000001e370000)]
  0x000000001c3bb800 JavaThread "Stdin handler" [_thread_blocked, id=30212, stack(0x000000001e170000,0x000000001e270000)]
  0x000000001c301800 JavaThread "Asynchronous log dispatcher for DefaultDaemonConnection: socket connection from /127.0.0.1:63865 to /127.0.0.1:63866" [_thread_blocked, id=34552, stack(0x000000001e070000,0x000000001e170000)]
  0x000000001c300000 JavaThread "Daemon worker" [_thread_in_vm, id=37084, stack(0x000000001df70000,0x000000001e070000)]
  0x000000001c2ff000 JavaThread "Cancel handler" [_thread_blocked, id=26880, stack(0x000000001de70000,0x000000001df70000)]
  0x000000001c284800 JavaThread "Handler for socket connection from /127.0.0.1:63865 to /127.0.0.1:63866" [_thread_in_native, id=22184, stack(0x000000001dd70000,0x000000001de70000)]
  0x000000001c281000 JavaThread "Daemon" [_thread_blocked, id=32228, stack(0x000000001d970000,0x000000001da70000)]
  0x000000001c2a9000 JavaThread "Daemon periodic checks" [_thread_blocked, id=10520, stack(0x000000001d870000,0x000000001d970000)]
  0x000000001c29f800 JavaThread "Incoming local TCP Connector on port 63865" [_thread_in_native, id=23704, stack(0x000000001d600000,0x000000001d700000)]
  0x000000001bda8000 JavaThread "Daemon health stats" [_thread_blocked, id=17400, stack(0x000000001bdb0000,0x000000001beb0000)]
  0x00000000189fa800 JavaThread "Service Thread" daemon [_thread_blocked, id=16396, stack(0x000000001a3e0000,0x000000001a4e0000)]
  0x0000000018974000 JavaThread "C1 CompilerThread3" daemon [_thread_blocked, id=13140, stack(0x000000001a2e0000,0x000000001a3e0000)]
=>0x0000000018973000 JavaThread "C2 CompilerThread2" daemon [_thread_in_native, id=24916, stack(0x000000001a1e0000,0x000000001a2e0000)]
  0x000000001896d800 JavaThread "C2 CompilerThread1" daemon [_thread_in_native, id=16600, stack(0x000000001a0e0000,0x000000001a1e0000)]
  0x0000000018965800 JavaThread "C2 CompilerThread0" daemon [_thread_in_native, id=21820, stack(0x0000000019fe0000,0x000000001a0e0000)]
  0x0000000018961800 JavaThread "Attach Listener" daemon [_thread_blocked, id=15444, stack(0x0000000019ee0000,0x0000000019fe0000)]
  0x0000000018960800 JavaThread "Signal Dispatcher" daemon [_thread_blocked, id=19724, stack(0x0000000019de0000,0x0000000019ee0000)]
  0x0000000017291800 JavaThread "Finalizer" daemon [_thread_blocked, id=37452, stack(0x0000000019bc0000,0x0000000019cc0000)]
  0x0000000018953000 JavaThread "Reference Handler" daemon [_thread_blocked, id=39376, stack(0x0000000019ac0000,0x0000000019bc0000)]
  0x000000000319e000 JavaThread "main" [_thread_blocked, id=6980, stack(0x0000000003040000,0x0000000003140000)]

Other Threads:
  0x0000000017284000 VMThread [stack: 0x00000000199c0000,0x0000000019ac0000] [id=15592]
  0x00000000189fb800 WatcherThread [stack: 0x000000001a4e0000,0x000000001a5e0000] [id=29068]

VM state:not at safepoint (normal execution)

VM Mutex/Monitor currently owned by a thread: None

heap address: 0x00000000a0000000, size: 1536 MB, Compressed Oops mode: 32-bit
Narrow klass base: 0x0000000000000000, Narrow klass shift: 3
Compressed class space size: 1073741824 Address: 0x0000000100000000

Heap:
 PSYoungGen      total 224768K, used 45059K [0x00000000e0000000, 0x00000000f0980000, 0x0000000100000000)
  eden space 206848K, 21% used [0x00000000e0000000,0x00000000e2c00c18,0x00000000eca00000)
  from space 17920K, 0% used [0x00000000edd00000,0x00000000edd00000,0x00000000eee80000)
  to   space 19456K, 0% used [0x00000000eca00000,0x00000000eca00000,0x00000000edd00000)
 ParOldGen       total 141312K, used 31576K [0x00000000a0000000, 0x00000000a8a00000, 0x00000000e0000000)
  object space 141312K, 22% used [0x00000000a0000000,0x00000000a1ed6048,0x00000000a8a00000)
 Metaspace       used 59383K, capacity 61734K, committed 62040K, reserved 1101824K
  class space    used 8209K, capacity 8692K, committed 8832K, reserved 1048576K

Card table byte_map: [0x0000000012690000,0x00000000129a0000] byte_map_base: 0x0000000012190000

Marking Bits: (ParMarkBitMap*) 0x000000006dc4f030
 Begin Bits: [0x00000000135a0000, 0x0000000014da0000)
 End Bits:   [0x0000000014da0000, 0x00000000165a0000)

Polling page: 0x0000000001860000

CodeCache: size=245760Kb used=18239Kb max_used=18239Kb free=227520Kb
 bounds [0x00000000032d0000, 0x00000000044b0000, 0x00000000122d0000]
 total_blobs=5961 nmethods=5185 adapters=689
 compilation: enabled

Compilation events (10 events):
Event: 5.728 Thread 0x0000000018974000 5230       3       org.gradle.internal.instantiation.generator.ManagedObjectFactory::attachOwner (24 bytes)
Event: 5.728 Thread 0x0000000018974000 nmethod 5230 0x00000000044a0790 code [0x00000000044a0920, 0x00000000044a0db8]
Event: 5.728 Thread 0x0000000018974000 5231       3       java.util.Collections$EmptyMap::entrySet (4 bytes)
Event: 5.728 Thread 0x0000000018974000 nmethod 5231 0x00000000044a0ed0 code [0x00000000044a1040, 0x00000000044a11f0]
Event: 5.728 Thread 0x0000000018974000 5232       3       java.lang.String::lastIndexOf (151 bytes)
Event: 5.728 Thread 0x0000000018974000 nmethod 5232 0x00000000044a1290 code [0x00000000044a1440, 0x00000000044a1990]
Event: 5.730 Thread 0x0000000018974000 5233       3       java.lang.Character::isLowerCase (5 bytes)
Event: 5.730 Thread 0x0000000018974000 nmethod 5233 0x00000000044a1e10 code [0x00000000044a1fc0, 0x00000000044a2438]
Event: 5.730 Thread 0x0000000018974000 5234       3       java.lang.Character::isLowerCase (25 bytes)
Event: 5.730 Thread 0x0000000018974000 nmethod 5234 0x00000000044a2610 code [0x00000000044a27c0, 0x00000000044a2bd8]

GC Heap History (10 events):
Event: 3.293 GC heap before
{Heap before GC invocations=9 (full 2):
 PSYoungGen      total 119808K, used 8264K [0x00000000e0000000, 0x00000000ec900000, 0x0000000100000000)
  eden space 108032K, 0% used [0x00000000e0000000,0x00000000e0000000,0x00000000e6980000)
  from space 11776K, 70% used [0x00000000e6980000,0x00000000e7192060,0x00000000e7500000)
  to   space 11264K, 0% used [0x00000000ebe00000,0x00000000ebe00000,0x00000000ec900000)
 ParOldGen       total 93696K, used 7223K [0x00000000a0000000, 0x00000000a5b80000, 0x00000000e0000000)
  object space 93696K, 7% used [0x00000000a0000000,0x00000000a070dd20,0x00000000a5b80000)
 Metaspace       used 34193K, capacity 35392K, committed 35416K, reserved 1079296K
  class space    used 4709K, capacity 4973K, committed 4992K, reserved 1048576K
Event: 3.321 GC heap after
Heap after GC invocations=9 (full 2):
 PSYoungGen      total 119808K, used 0K [0x00000000e0000000, 0x00000000ec900000, 0x0000000100000000)
  eden space 108032K, 0% used [0x00000000e0000000,0x00000000e0000000,0x00000000e6980000)
  from space 11776K, 0% used [0x00000000e6980000,0x00000000e6980000,0x00000000e7500000)
  to   space 11264K, 0% used [0x00000000ebe00000,0x00000000ebe00000,0x00000000ec900000)
 ParOldGen       total 141312K, used 14491K [0x00000000a0000000, 0x00000000a8a00000, 0x00000000e0000000)
  object space 141312K, 10% used [0x00000000a0000000,0x00000000a0e26e50,0x00000000a8a00000)
 Metaspace       used 34193K, capacity 35392K, committed 35416K, reserved 1079296K
  class space    used 4709K, capacity 4973K, committed 4992K, reserved 1048576K
}
Event: 3.753 GC heap before
{Heap before GC invocations=10 (full 2):
 PSYoungGen      total 119808K, used 108032K [0x00000000e0000000, 0x00000000ec900000, 0x0000000100000000)
  eden space 108032K, 100% used [0x00000000e0000000,0x00000000e6980000,0x00000000e6980000)
  from space 11776K, 0% used [0x00000000e6980000,0x00000000e6980000,0x00000000e7500000)
  to   space 11264K, 0% used [0x00000000ebe00000,0x00000000ebe00000,0x00000000ec900000)
 ParOldGen       total 141312K, used 14491K [0x00000000a0000000, 0x00000000a8a00000, 0x00000000e0000000)
  object space 141312K, 10% used [0x00000000a0000000,0x00000000a0e26e50,0x00000000a8a00000)
 Metaspace       used 37020K, capacity 38766K, committed 39000K, reserved 1083392K
  class space    used 5112K, capacity 5434K, committed 5504K, reserved 1048576K
Event: 3.758 GC heap after
Heap after GC invocations=10 (full 2):
 PSYoungGen      total 168960K, used 7037K [0x00000000e0000000, 0x00000000ec500000, 0x0000000100000000)
  eden space 161792K, 0% used [0x00000000e0000000,0x00000000e0000000,0x00000000e9e00000)
  from space 7168K, 98% used [0x00000000ebe00000,0x00000000ec4df748,0x00000000ec500000)
  to   space 11264K, 0% used [0x00000000eaf00000,0x00000000eaf00000,0x00000000eba00000)
 ParOldGen       total 141312K, used 14499K [0x00000000a0000000, 0x00000000a8a00000, 0x00000000e0000000)
  object space 141312K, 10% used [0x00000000a0000000,0x00000000a0e28e50,0x00000000a8a00000)
 Metaspace       used 37020K, capacity 38766K, committed 39000K, reserved 1083392K
  class space    used 5112K, capacity 5434K, committed 5504K, reserved 1048576K
}
Event: 4.886 GC heap before
{Heap before GC invocations=11 (full 2):
 PSYoungGen      total 168960K, used 168829K [0x00000000e0000000, 0x00000000ec500000, 0x0000000100000000)
  eden space 161792K, 100% used [0x00000000e0000000,0x00000000e9e00000,0x00000000e9e00000)
  from space 7168K, 98% used [0x00000000ebe00000,0x00000000ec4df748,0x00000000ec500000)
  to   space 11264K, 0% used [0x00000000eaf00000,0x00000000eaf00000,0x00000000eba00000)
 ParOldGen       total 141312K, used 14499K [0x00000000a0000000, 0x00000000a8a00000, 0x00000000e0000000)
  object space 141312K, 10% used [0x00000000a0000000,0x00000000a0e28e50,0x00000000a8a00000)
 Metaspace       used 52362K, capacity 54540K, committed 54616K, reserved 1095680K
  class space    used 7020K, capacity 7482K, committed 7552K, reserved 1048576K
Event: 4.901 GC heap after
Heap after GC invocations=11 (full 2):
 PSYoungGen      total 190464K, used 11236K [0x00000000e0000000, 0x00000000eee80000, 0x0000000100000000)
  eden space 179200K, 0% used [0x00000000e0000000,0x00000000e0000000,0x00000000eaf00000)
  from space 11264K, 99% used [0x00000000eaf00000,0x00000000eb9f9330,0x00000000eba00000)
  to   space 17920K, 0% used [0x00000000edd00000,0x00000000edd00000,0x00000000eee80000)
 ParOldGen       total 141312K, used 28117K [0x00000000a0000000, 0x00000000a8a00000, 0x00000000e0000000)
  object space 141312K, 19% used [0x00000000a0000000,0x00000000a1b75490,0x00000000a8a00000)
 Metaspace       used 52362K, capacity 54540K, committed 54616K, reserved 1095680K
  class space    used 7020K, capacity 7482K, committed 7552K, reserved 1048576K
}
Event: 5.286 GC heap before
{Heap before GC invocations=12 (full 2):
 PSYoungGen      total 190464K, used 55690K [0x00000000e0000000, 0x00000000eee80000, 0x0000000100000000)
  eden space 179200K, 24% used [0x00000000e0000000,0x00000000e2b696d0,0x00000000eaf00000)
  from space 11264K, 99% used [0x00000000eaf00000,0x00000000eb9f9330,0x00000000eba00000)
  to   space 17920K, 0% used [0x00000000edd00000,0x00000000edd00000,0x00000000eee80000)
 ParOldGen       total 141312K, used 28117K [0x00000000a0000000, 0x00000000a8a00000, 0x00000000e0000000)
  object space 141312K, 19% used [0x00000000a0000000,0x00000000a1b75490,0x00000000a8a00000)
 Metaspace       used 56394K, capacity 58830K, committed 58968K, reserved 1099776K
  class space    used 7724K, capacity 8196K, committed 8320K, reserved 1048576K
Event: 5.295 GC heap after
Heap after GC invocations=12 (full 2):
 PSYoungGen      total 224768K, used 16352K [0x00000000e0000000, 0x00000000f0980000, 0x0000000100000000)
  eden space 206848K, 0% used [0x00000000e0000000,0x00000000e0000000,0x00000000eca00000)
  from space 17920K, 91% used [0x00000000edd00000,0x00000000eecf81b8,0x00000000eee80000)
  to   space 19456K, 0% used [0x00000000eca00000,0x00000000eca00000,0x00000000edd00000)
 ParOldGen       total 141312K, used 28125K [0x00000000a0000000, 0x00000000a8a00000, 0x00000000e0000000)
  object space 141312K, 19% used [0x00000000a0000000,0x00000000a1b77490,0x00000000a8a00000)
 Metaspace       used 56394K, capacity 58830K, committed 58968K, reserved 1099776K
  class space    used 7724K, capacity 8196K, committed 8320K, reserved 1048576K
}
Event: 5.295 GC heap before
{Heap before GC invocations=13 (full 3):
 PSYoungGen      total 224768K, used 16352K [0x00000000e0000000, 0x00000000f0980000, 0x0000000100000000)
  eden space 206848K, 0% used [0x00000000e0000000,0x00000000e0000000,0x00000000eca00000)
  from space 17920K, 91% used [0x00000000edd00000,0x00000000eecf81b8,0x00000000eee80000)
  to   space 19456K, 0% used [0x00000000eca00000,0x00000000eca00000,0x00000000edd00000)
 ParOldGen       total 141312K, used 28125K [0x00000000a0000000, 0x00000000a8a00000, 0x00000000e0000000)
  object space 141312K, 19% used [0x00000000a0000000,0x00000000a1b77490,0x00000000a8a00000)
 Metaspace       used 56394K, capacity 58830K, committed 58968K, reserved 1099776K
  class space    used 7724K, capacity 8196K, committed 8320K, reserved 1048576K
Event: 5.450 GC heap after
Heap after GC invocations=13 (full 3):
 PSYoungGen      total 224768K, used 0K [0x00000000e0000000, 0x00000000f0980000, 0x0000000100000000)
  eden space 206848K, 0% used [0x00000000e0000000,0x00000000e0000000,0x00000000eca00000)
  from space 17920K, 0% used [0x00000000edd00000,0x00000000edd00000,0x00000000eee80000)
  to   space 19456K, 0% used [0x00000000eca00000,0x00000000eca00000,0x00000000edd00000)
 ParOldGen       total 141312K, used 31576K [0x00000000a0000000, 0x00000000a8a00000, 0x00000000e0000000)
  object space 141312K, 22% used [0x00000000a0000000,0x00000000a1ed6048,0x00000000a8a00000)
 Metaspace       used 56319K, capacity 58578K, committed 58968K, reserved 1099776K
  class space    used 7701K, capacity 8154K, committed 8320K, reserved 1048576K
}

Deoptimization events (10 events):
Event: 5.211 Thread 0x000000001c300000 Uncommon trap: reason=unstable_if action=reinterpret pc=0x0000000003d6c5c0 method=java.io.WinNTFileSystem.normalize(Ljava/lang/String;)Ljava/lang/String; @ 74
Event: 5.211 Thread 0x000000001c300000 Uncommon trap: reason=unstable_if action=reinterpret pc=0x00000000038a907c method=java.io.WinNTFileSystem.normalize(Ljava/lang/String;II)Ljava/lang/String; @ 103
Event: 5.476 Thread 0x000000001c300000 Uncommon trap: reason=bimorphic action=maybe_recompile pc=0x0000000004196c14 method=java.util.regex.Pattern$5.isSatisfiedBy(I)Z @ 16
Event: 5.476 Thread 0x000000001c300000 Uncommon trap: reason=bimorphic action=maybe_recompile pc=0x0000000004196c14 method=java.util.regex.Pattern$5.isSatisfiedBy(I)Z @ 16
Event: 5.476 Thread 0x000000001c300000 Uncommon trap: reason=bimorphic action=maybe_recompile pc=0x0000000004196c14 method=java.util.regex.Pattern$5.isSatisfiedBy(I)Z @ 16
Event: 5.476 Thread 0x000000001c300000 Uncommon trap: reason=bimorphic action=maybe_recompile pc=0x0000000004196c14 method=java.util.regex.Pattern$5.isSatisfiedBy(I)Z @ 16
Event: 5.639 Thread 0x000000001c300000 Uncommon trap: reason=unstable_if action=reinterpret pc=0x000000000389ff68 method=java.util.regex.Pattern$BmpCharProperty.match(Ljava/util/regex/Matcher;ILjava/lang/CharSequence;)Z @ 34
Event: 5.644 Thread 0x000000001c300000 Uncommon trap: reason=unstable_if action=reinterpret pc=0x00000000041ee618 method=com.sun.org.apache.xerces.internal.impl.XMLEntityScanner.scanLiteral(ILcom/sun/org/apache/xerces/internal/xni/XMLString;Z)I @ 660
Event: 5.678 Thread 0x000000001c300000 Uncommon trap: reason=unstable_if action=reinterpret pc=0x000000000415dd20 method=com.google.gson.stream.JsonReader.doPeek()I @ 315
Event: 5.715 Thread 0x000000001c300000 Uncommon trap: reason=unstable_if action=reinterpret pc=0x00000000036871b4 method=java.lang.String.lastIndexOf([CII[CIII)I @ 118

Classes redefined (0 events):
No events

Internal exceptions (10 events):
Event: 5.143 Thread 0x000000001c300000 Exception <a 'java/lang/ClassNotFoundException': com/android/build/gradle/internal/api/ApkVariantOutputImpl_DecoratedBeanInfo> (0x00000000e16f9f78) thrown at [C:\src\AOSP-openjdk-git\hotspot\src\share\vm\classfile\systemDictionary.cpp, line 210]
Event: 5.144 Thread 0x000000001c300000 Exception <a 'java/lang/ClassNotFoundException': com/android/build/gradle/internal/api/ApkVariantOutputImplBeanInfo> (0x00000000e17171a8) thrown at [C:\src\AOSP-openjdk-git\hotspot\src\share\vm\classfile\systemDictionary.cpp, line 210]
Event: 5.144 Thread 0x000000001c300000 Exception <a 'java/lang/ClassNotFoundException': com/android/build/gradle/internal/api/BaseVariantOutputImplBeanInfo> (0x00000000e17355e0) thrown at [C:\src\AOSP-openjdk-git\hotspot\src\share\vm\classfile\systemDictionary.cpp, line 210]
Event: 5.145 Thread 0x000000001c300000 Exception <a 'java/lang/ClassNotFoundException': com/android/build/gradle/internal/api/BaseVariantOutputImplCustomizer> (0x00000000e1753fb8) thrown at [C:\src\AOSP-openjdk-git\hotspot\src\share\vm\classfile\systemDictionary.cpp, line 210]
Event: 5.146 Thread 0x000000001c300000 Exception <a 'java/lang/ClassNotFoundException': com/android/build/gradle/internal/api/ApkVariantOutputImplCustomizer> (0x00000000e178c760) thrown at [C:\src\AOSP-openjdk-git\hotspot\src\share\vm\classfile\systemDictionary.cpp, line 210]
Event: 5.146 Thread 0x000000001c300000 Exception <a 'java/lang/ClassNotFoundException': com/android/build/gradle/internal/api/ApkVariantOutputImpl_DecoratedCustomizer> (0x00000000e17c0500) thrown at [C:\src\AOSP-openjdk-git\hotspot\src\share\vm\classfile\systemDictionary.cpp, line 210]
Event: 5.228 Thread 0x000000001c300000 Exception <a 'java/lang/NoSuchMethodError': java.lang.Object.lambda$static$0(Lorg/gradle/api/internal/tasks/TaskDependencyResolveContext;)V> (0x00000000e2273d50) thrown at [C:\src\AOSP-openjdk-git\hotspot\src\share\vm\interpreter\linkResolver.cpp, line 62
Event: 5.466 Thread 0x000000001c300000 Exception <a 'sun/nio/fs/WindowsException'> (0x00000000e01d39d0) thrown at [C:\src\AOSP-openjdk-git\hotspot\src\share\vm\prims\jni.cpp, line 710]
Event: 5.494 Thread 0x000000001c300000 Exception <a 'java/lang/ClassNotFoundException': com/sun/org/glassfish/hk2/osgiresourcelocator/ServiceLoader> (0x00000000e05f3e68) thrown at [C:\src\AOSP-openjdk-git\hotspot\src\share\vm\classfile\systemDictionary.cpp, line 210]
Event: 5.522 Thread 0x000000001c300000 Exception <a 'java/lang/NullPointerException'> (0x00000000e0e7a200) thrown at [C:\src\AOSP-openjdk-git\hotspot\src\share\vm\interpreter\linkResolver.cpp, line 1287]

Events (10 events):
Event: 5.726 loading class org/gradle/api/internal/project/taskfactory/IncrementalTaskInputsTaskAction
Event: 5.726 loading class org/gradle/api/internal/project/taskfactory/IncrementalTaskInputsTaskAction done
Event: 5.726 loading class com/android/build/api/variant/impl/AaptOptionsImplKt
Event: 5.726 loading class com/android/build/api/variant/impl/AaptOptionsImplKt done
Event: 5.727 loading class com/android/build/api/variant/impl/AaptOptionsImpl
Event: 5.727 loading class com/android/build/api/variant/impl/AaptOptionsImpl done
Event: 5.727 loading class org/gradle/api/NonExtensible
Event: 5.727 loading class org/gradle/api/NonExtensible done
Event: 5.728 loading class org/gradle/internal/metaobject/BeanDynamicObject
Event: 5.728 loading class org/gradle/internal/metaobject/BeanDynamicObject done


Dynamic libraries:
0x00007ff6042f0000 - 0x00007ff604321000 	D:\AndroidStudio\jre\bin\java.exe
0x00007ffb699d0000 - 0x00007ffb69bc5000 	C:\WINDOWS\SYSTEM32\ntdll.dll
0x00007ffb689e0000 - 0x00007ffb68a9d000 	C:\WINDOWS\System32\KERNEL32.DLL
0x00007ffb67210000 - 0x00007ffb674d9000 	C:\WINDOWS\System32\KERNELBASE.dll
0x00007ffb690c0000 - 0x00007ffb6916c000 	C:\WINDOWS\System32\ADVAPI32.dll
0x00007ffb69020000 - 0x00007ffb690be000 	C:\WINDOWS\System32\msvcrt.dll
0x00007ffb67a30000 - 0x00007ffb67acc000 	C:\WINDOWS\System32\sechost.dll
0x00007ffb688b0000 - 0x00007ffb689db000 	C:\WINDOWS\System32\RPCRT4.dll
0x00007ffb68e80000 - 0x00007ffb69020000 	C:\WINDOWS\System32\USER32.dll
0x00007ffb67950000 - 0x00007ffb67972000 	C:\WINDOWS\System32\win32u.dll
0x00007ffb69180000 - 0x00007ffb691aa000 	C:\WINDOWS\System32\GDI32.dll
0x00007ffb674e0000 - 0x00007ffb675eb000 	C:\WINDOWS\System32\gdi32full.dll
0x00007ffb67750000 - 0x00007ffb677ed000 	C:\WINDOWS\System32\msvcp_win.dll
0x00007ffb67110000 - 0x00007ffb67210000 	C:\WINDOWS\System32\ucrtbase.dll
0x00007ffb53970000 - 0x00007ffb53c0a000 	C:\WINDOWS\WinSxS\amd64_microsoft.windows.common-controls_6595b64144ccf1df_6.0.19041.844_none_ca00b6081b84eb1d\COMCTL32.dll
0x00007ffb69900000 - 0x00007ffb69930000 	C:\WINDOWS\System32\IMM32.DLL
0x000000006f3e0000 - 0x000000006f4b2000 	D:\AndroidStudio\jre\jre\bin\msvcr100.dll
0x000000006d480000 - 0x000000006dccb000 	D:\AndroidStudio\jre\jre\bin\server\jvm.dll
0x00007ffb67c00000 - 0x00007ffb67c08000 	C:\WINDOWS\System32\PSAPI.DLL
0x00007ffb635d0000 - 0x00007ffb635d9000 	C:\WINDOWS\SYSTEM32\WSOCK32.dll
0x00007ffb60ee0000 - 0x00007ffb60eea000 	C:\WINDOWS\SYSTEM32\VERSION.dll
0x00007ffb52790000 - 0x00007ffb527b7000 	C:\WINDOWS\SYSTEM32\WINMM.dll
0x00007ffb68e10000 - 0x00007ffb68e7b000 	C:\WINDOWS\System32\WS2_32.dll
0x00007ffb63630000 - 0x00007ffb6363f000 	D:\AndroidStudio\jre\jre\bin\verify.dll
0x00007ffb5c650000 - 0x00007ffb5c679000 	D:\AndroidStudio\jre\jre\bin\java.dll
0x00007ffb61d10000 - 0x00007ffb61d26000 	D:\AndroidStudio\jre\jre\bin\zip.dll
0x00007ffb691b0000 - 0x00007ffb698f2000 	C:\WINDOWS\System32\SHELL32.dll
0x00007ffb64eb0000 - 0x00007ffb65640000 	C:\WINDOWS\SYSTEM32\windows.storage.dll
0x00007ffb67c10000 - 0x00007ffb67f65000 	C:\WINDOWS\System32\combase.dll
0x00007ffb66b80000 - 0x00007ffb66bac000 	C:\WINDOWS\SYSTEM32\Wldp.dll
0x00007ffb68080000 - 0x00007ffb6812e000 	C:\WINDOWS\System32\SHCORE.dll
0x00007ffb69930000 - 0x00007ffb69985000 	C:\WINDOWS\System32\shlwapi.dll
0x00007ffb67050000 - 0x00007ffb6706f000 	C:\WINDOWS\SYSTEM32\profapi.dll
0x00007ffb5c700000 - 0x00007ffb5c71a000 	D:\AndroidStudio\jre\jre\bin\net.dll
0x00007ffb66900000 - 0x00007ffb6696a000 	C:\WINDOWS\system32\mswsock.dll
0x00007ffb5c200000 - 0x00007ffb5c213000 	D:\AndroidStudio\jre\jre\bin\nio.dll
0x00007ffb4fda0000 - 0x00007ffb4fdc7000 	C:\Users\LENOVO\.gradle\native\f6784746aeab05261644944871eae4fe03e0ef1612fff0a4a95f87b438bc6780\windows-amd64\native-platform.dll
0x00007ffb635a0000 - 0x00007ffb635ad000 	D:\AndroidStudio\jre\jre\bin\management.dll
0x00007ffb66ae0000 - 0x00007ffb66af8000 	C:\WINDOWS\SYSTEM32\CRYPTSP.dll
0x00007ffb66230000 - 0x00007ffb66264000 	C:\WINDOWS\system32\rsaenh.dll
0x00007ffb67980000 - 0x00007ffb679a7000 	C:\WINDOWS\System32\bcrypt.dll
0x00007ffb67010000 - 0x00007ffb6703e000 	C:\WINDOWS\SYSTEM32\USERENV.dll
0x00007ffb679b0000 - 0x00007ffb67a30000 	C:\WINDOWS\System32\bcryptprimitives.dll
0x00007ffb66ad0000 - 0x00007ffb66adc000 	C:\WINDOWS\SYSTEM32\CRYPTBASE.dll
0x00007ffb665a0000 - 0x00007ffb665db000 	C:\WINDOWS\SYSTEM32\IPHLPAPI.DLL
0x00007ffb69170000 - 0x00007ffb69178000 	C:\WINDOWS\System32\NSI.dll
0x00007ffb5e3b0000 - 0x00007ffb5e3c7000 	C:\WINDOWS\SYSTEM32\dhcpcsvc6.DLL
0x00007ffb5f0d0000 - 0x00007ffb5f0ed000 	C:\WINDOWS\SYSTEM32\dhcpcsvc.DLL
0x00007ffb665e0000 - 0x00007ffb666ab000 	C:\WINDOWS\SYSTEM32\DNSAPI.dll
0x00007ffb5f4e0000 - 0x00007ffb5f4eb000 	C:\WINDOWS\SYSTEM32\WINNSI.DLL

VM Arguments:
jvm_args: -Xmx1536m -Dfile.encoding=windows-1252 -Duser.country=MX -Duser.language=es -Duser.variant 
java_command: org.gradle.launcher.daemon.bootstrap.GradleDaemon 6.5
java_class_path (initial): C:\Users\LENOVO\.gradle\wrapper\dists\gradle-6.5-all\2oz4ud9k3tuxjg84bbf55q0tn\gradle-6.5\lib\gradle-launcher-6.5.jar
Launcher Type: SUN_STANDARD

Environment Variables:
JAVA_HOME=D:\AndroidStudio\jre
JRE_HOME=C:\Program Files (x86)\Java\jre1.8.0_271
PATH=D:\JDK VISUAL CODE\bin;C:\Program Files (x86)\Common Files\Oracle\Java\javapath;C:\Program Files\Common Files\Oracle\Java\javapath;C:\Windows\system32;C:\Windows;C:\Windows\System32\Wbem;C:\Windows\System32\WindowsPowerShell\v1.0\;C:\Windows\System32\OpenSSH\;C:\Program Files (x86)\NVIDIA Corporation\PhysX\Common;C:\Program Files\NVIDIA Corporation\NVIDIA NvDLISR;C:\Program Files\nodejs\;C:\WINDOWS\system32;C:\WINDOWS;C:\WINDOWS\System32\Wbem;C:\WINDOWS\System32\WindowsPowerShell\v1.0\;C:\WINDOWS\System32\OpenSSH\;C:\Program Files\Git\cmd;D:\FPC\bin\i386-Win32;C:\Program Files\dotnet\;D:\Flutter\bin;C:\Program Files (x86)\Microsoft SQL Server\150\DTS\Binn\;C:\Program Files\Azure Data Studio\bin;C:\Program Files\Microsoft SQL Server\Client SDK\ODBC\170\Tools\Binn\;C:\Program Files (x86)\Microsoft SQL Server\150\Tools\Binn\;C:\Program Files\Microsoft SQL Server\150\Tools\Binn\;C:\Program Files\Microsoft SQL Server\150\DTS\Binn\;C:\Program Files\Microsoft SQL Server\130\Tools\Binn\;C:\Users\LENOVO\AppData\Local\Microsoft\WindowsApps;C:\Users\LENOVO\AppData\Local\Programs\Microsoft VS Code\bin;C:\Users\LENOVO\AppData\Roaming\npm;C:\Users\LENOVO\.dotnet\tools;JAVA_HOME;JAVA_JRE;D:\Flutter\bin;;C:\Program Files\Azure Data Studio\bin
USERNAME=LENOVO
OS=Windows_NT
PROCESSOR_IDENTIFIER=Intel64 Family 6 Model 158 Stepping 10, GenuineIntel



---------------  S Y S T E M  ---------------

OS: Windows 10.0 , 64 bit Build 19041 (10.0.19041.804)

CPU:total 12 (initial active 12) (6 cores per cpu, 2 threads per core) family 6 model 158 stepping 10, cmov, cx8, fxsr, mmx, sse, sse2, sse3, ssse3, sse4.1, sse4.2, popcnt, avx, avx2, aes, clmul, erms, 3dnowpref, lzcnt, ht, tsc, tscinvbit, bmi1, bmi2, adx

Memory: 4k page, physical 16653556k(1512104k free), swap 26893556k(8668k free)

vm_info: OpenJDK 64-Bit Server VM (25.242-b01) for windows-amd64 JRE (1.8.0_242-release-1644-b01), built by "builder" with MS VC++ 10.0 (VS2010)

time: Fri Apr 23 09:29:05 2021
timezone: Hora verano, Montañas (México)
elapsed time: 5 seconds (0d 0h 0m 5s)

