#
# There is insufficient memory for the Java Runtime Environment to continue.
# Native memory allocation (malloc) failed to allocate 1352640 bytes for Chunk::new
# Possible reasons:
#   The system is out of physical RAM or swap space
#   The process is running with CompressedOops enabled, and the Java Heap may be blocking the growth of the native heap
# Possible solutions:
#   Reduce memory load on the system
#   Increase physical memory or swap space
#   Check if swap backing store is full
#   Decrease Java heap size (-Xmx/-Xms)
#   Decrease number of Java threads
#   Decrease Java thread stack sizes (-Xss)
#   Set larger code cache with -XX:ReservedCodeCacheSize=
#   JVM is running with Unscaled Compressed Oops mode in which the Java heap is
#     placed in the first 4GB address space. The Java Heap base address is the
#     maximum limit for the native heap growth. Please use -XX:HeapBaseMinAddress
#     to set the Java Heap base and to place the Java Heap above 4GB virtual address.
# This output file may be truncated or incomplete.
#
#  Out of Memory Error (allocation.cpp:389), pid=21712, tid=0x0000000000007764
#
# JRE version: OpenJDK Runtime Environment (8.0_242-b01) (build 1.8.0_242-release-1644-b01)
# Java VM: OpenJDK 64-Bit Server VM (25.242-b01 mixed mode windows-amd64 compressed oops)
# Failed to write core dump. Minidumps are not enabled by default on client versions of Windows
#

---------------  T H R E A D  ---------------

Current thread (0x0000000018864000):  JavaThread "C2 CompilerThread2" daemon [_thread_in_native, id=30564, stack(0x000000001a0e0000,0x000000001a1e0000)]

Stack: [0x000000001a0e0000,0x000000001a1e0000]
[error occurred during error reporting (printing stack bounds), id 0xc0000005]

Native frames: (J=compiled Java code, j=interpreted, Vv=VM code, C=native code)


Current CompileTask:
C2:   7585 5222       4       sun.reflect.generics.parser.SignatureParser::parsePackageNameAndSimpleClassTypeSignature (139 bytes)


---------------  P R O C E S S  ---------------

Java Threads: ( => current thread )
  0x000000001c8a0800 JavaThread "Cache worker for file content cache (C:\Users\LENOVO\Desktop\SinFloo_app-restclient-android-f1ebed55aac97f54fb6eca3f7a28ee03e72ff962\.gradle\6.5\fileContent)" [_thread_blocked, id=6304, stack(0x000000002b970000,0x000000002ba70000)]
  0x000000001c8a3800 JavaThread "Memory manager" [_thread_blocked, id=28512, stack(0x000000002b220000,0x000000002b320000)]
  0x000000001c8a0000 JavaThread "pool-1-thread-1" [_thread_blocked, id=27176, stack(0x000000002ad20000,0x000000002ae20000)]
  0x000000001c8a3000 JavaThread "Cache worker for Build Output Cleanup Cache (C:\Users\LENOVO\Desktop\SinFloo_app-restclient-android-f1ebed55aac97f54fb6eca3f7a28ee03e72ff962\.gradle\buildOutputCleanup)" [_thread_blocked, id=13880, stack(0x000000002aa20000,0x000000002ab20000)]
  0x000000001c89d800 JavaThread "jar transforms Thread 92" [_thread_blocked, id=1536, stack(0x000000002a720000,0x000000002a820000)]
  0x000000001c89c000 JavaThread "jar transforms Thread 91" [_thread_blocked, id=4424, stack(0x000000002a620000,0x000000002a720000)]
  0x0000000020111000 JavaThread "jar transforms Thread 90" [_thread_blocked, id=7436, stack(0x000000002a520000,0x000000002a620000)]
  0x0000000020115000 JavaThread "jar transforms Thread 89" [_thread_blocked, id=27108, stack(0x000000002a420000,0x000000002a520000)]
  0x0000000020114000 JavaThread "jar transforms Thread 88" [_thread_blocked, id=5812, stack(0x000000002a320000,0x000000002a420000)]
  0x0000000020112800 JavaThread "jar transforms Thread 87" [_thread_blocked, id=27400, stack(0x000000002a220000,0x000000002a320000)]
  0x0000000020113800 JavaThread "jar transforms Thread 86" [_thread_blocked, id=21960, stack(0x000000002a120000,0x000000002a220000)]
  0x000000002010f800 JavaThread "jar transforms Thread 85" [_thread_blocked, id=21188, stack(0x000000002a020000,0x000000002a120000)]
  0x000000002010e000 JavaThread "jar transforms Thread 84" [_thread_blocked, id=26616, stack(0x0000000029f20000,0x000000002a020000)]
  0x0000000020112000 JavaThread "jar transforms Thread 83" [_thread_blocked, id=18796, stack(0x0000000029e20000,0x0000000029f20000)]
  0x000000002010f000 JavaThread "jar transforms Thread 82" [_thread_blocked, id=17924, stack(0x0000000029d20000,0x0000000029e20000)]
  0x0000000020110800 JavaThread "jar transforms Thread 81" [_thread_blocked, id=36048, stack(0x0000000029c20000,0x0000000029d20000)]
  0x000000002010a800 JavaThread "jar transforms Thread 80" [_thread_blocked, id=27756, stack(0x0000000029b20000,0x0000000029c20000)]
  0x0000000020106800 JavaThread "jar transforms Thread 79" [_thread_blocked, id=26860, stack(0x0000000029a20000,0x0000000029b20000)]
  0x000000002010d800 JavaThread "jar transforms Thread 78" [_thread_blocked, id=32128, stack(0x0000000029920000,0x0000000029a20000)]
  0x000000002010c000 JavaThread "jar transforms Thread 77" [_thread_blocked, id=36316, stack(0x0000000029820000,0x0000000029920000)]
  0x0000000020109800 JavaThread "jar transforms Thread 76" [_thread_blocked, id=19424, stack(0x0000000029720000,0x0000000029820000)]
  0x0000000020106000 JavaThread "jar transforms Thread 75" [_thread_blocked, id=21784, stack(0x0000000029620000,0x0000000029720000)]
  0x0000000020109000 JavaThread "jar transforms Thread 74" [_thread_blocked, id=37572, stack(0x0000000029520000,0x0000000029620000)]
  0x000000002010b000 JavaThread "jar transforms Thread 73" [_thread_blocked, id=24596, stack(0x0000000029420000,0x0000000029520000)]
  0x0000000020107800 JavaThread "jar transforms Thread 72" [_thread_blocked, id=31568, stack(0x0000000029320000,0x0000000029420000)]
  0x0000000020108000 JavaThread "jar transforms Thread 71" [_thread_blocked, id=32116, stack(0x0000000029220000,0x0000000029320000)]
  0x000000002010c800 JavaThread "jar transforms Thread 70" [_thread_blocked, id=9368, stack(0x0000000029120000,0x0000000029220000)]
  0x0000000021b32800 JavaThread "jar transforms Thread 69" [_thread_blocked, id=39248, stack(0x0000000029020000,0x0000000029120000)]
  0x0000000021b31000 JavaThread "jar transforms Thread 68" [_thread_blocked, id=28364, stack(0x0000000028f20000,0x0000000029020000)]
  0x0000000021b30000 JavaThread "jar transforms Thread 67" [_thread_blocked, id=36668, stack(0x0000000028e20000,0x0000000028f20000)]
  0x0000000021b2f800 JavaThread "jar transforms Thread 66" [_thread_blocked, id=2916, stack(0x0000000028d20000,0x0000000028e20000)]
  0x0000000021b31800 JavaThread "jar transforms Thread 65" [_thread_blocked, id=17096, stack(0x0000000028c20000,0x0000000028d20000)]
  0x0000000021b28000 JavaThread "jar transforms Thread 64" [_thread_blocked, id=12120, stack(0x0000000028b20000,0x0000000028c20000)]
  0x0000000021b2e800 JavaThread "jar transforms Thread 63" [_thread_blocked, id=18104, stack(0x0000000028a20000,0x0000000028b20000)]
  0x0000000021b27000 JavaThread "jar transforms Thread 62" [_thread_blocked, id=38656, stack(0x0000000028920000,0x0000000028a20000)]
  0x0000000021b2e000 JavaThread "jar transforms Thread 61" [_thread_blocked, id=39632, stack(0x0000000028820000,0x0000000028920000)]
  0x0000000021b2d000 JavaThread "jar transforms Thread 60" [_thread_blocked, id=29284, stack(0x0000000028720000,0x0000000028820000)]
  0x0000000021b2c800 JavaThread "jar transforms Thread 59" [_thread_blocked, id=17488, stack(0x0000000028620000,0x0000000028720000)]
  0x0000000021b2b800 JavaThread "jar transforms Thread 58" [_thread_blocked, id=4844, stack(0x0000000028520000,0x0000000028620000)]
  0x0000000021b2b000 JavaThread "jar transforms Thread 57" [_thread_blocked, id=25784, stack(0x0000000028420000,0x0000000028520000)]
  0x0000000021b24000 JavaThread "jar transforms Thread 56" [_thread_blocked, id=14712, stack(0x0000000028320000,0x0000000028420000)]
  0x0000000021b23800 JavaThread "jar transforms Thread 55" [_thread_blocked, id=26884, stack(0x0000000028220000,0x0000000028320000)]
  0x0000000021b29800 JavaThread "jar transforms Thread 54" [_thread_blocked, id=37248, stack(0x0000000028120000,0x0000000028220000)]
  0x0000000021b2a000 JavaThread "jar transforms Thread 53" [_thread_blocked, id=36660, stack(0x0000000028020000,0x0000000028120000)]
  0x0000000021b26800 JavaThread "jar transforms Thread 52" [_thread_blocked, id=23376, stack(0x0000000027f20000,0x0000000028020000)]
  0x0000000021b28800 JavaThread "jar transforms Thread 51" [_thread_blocked, id=2796, stack(0x0000000027e20000,0x0000000027f20000)]
  0x0000000021b25800 JavaThread "jar transforms Thread 50" [_thread_blocked, id=36180, stack(0x0000000027d20000,0x0000000027e20000)]
  0x0000000021b25000 JavaThread "jar transforms Thread 49" [_thread_blocked, id=29640, stack(0x0000000027c20000,0x0000000027d20000)]
  0x000000001f9e1800 JavaThread "jar transforms Thread 48" [_thread_blocked, id=2764, stack(0x0000000027b20000,0x0000000027c20000)]
  0x000000001f9e1000 JavaThread "jar transforms Thread 47" [_thread_blocked, id=29556, stack(0x0000000027a20000,0x0000000027b20000)]
  0x000000001f9e0000 JavaThread "jar transforms Thread 46" [_thread_blocked, id=16156, stack(0x0000000027920000,0x0000000027a20000)]
  0x000000001f9e6000 JavaThread "jar transforms Thread 45" [_thread_blocked, id=18412, stack(0x0000000027820000,0x0000000027920000)]
  0x000000001f9df800 JavaThread "jar transforms Thread 44" [_thread_blocked, id=4788, stack(0x0000000027720000,0x0000000027820000)]
  0x000000001f9e2800 JavaThread "jar transforms Thread 43" [_thread_blocked, id=31176, stack(0x0000000027620000,0x0000000027720000)]
  0x000000001f9e5800 JavaThread "jar transforms Thread 42" [_thread_blocked, id=34440, stack(0x0000000027520000,0x0000000027620000)]
  0x000000001f9e4800 JavaThread "jar transforms Thread 41" [_thread_blocked, id=34716, stack(0x0000000027420000,0x0000000027520000)]
  0x000000001f9e3000 JavaThread "jar transforms Thread 40" [_thread_blocked, id=19004, stack(0x0000000027320000,0x0000000027420000)]
  0x000000001f9e4000 JavaThread "jar transforms Thread 39" [_thread_blocked, id=16232, stack(0x0000000027220000,0x0000000027320000)]
  0x000000001f9d8800 JavaThread "jar transforms Thread 38" [_thread_blocked, id=33784, stack(0x0000000027120000,0x0000000027220000)]
  0x000000001f9d9800 JavaThread "jar transforms Thread 37" [_thread_blocked, id=37624, stack(0x0000000027020000,0x0000000027120000)]
  0x000000001f9d8000 JavaThread "jar transforms Thread 36" [_thread_blocked, id=27864, stack(0x0000000026f20000,0x0000000027020000)]
  0x000000001f9dc800 JavaThread "jar transforms Thread 35" [_thread_blocked, id=20200, stack(0x0000000026e20000,0x0000000026f20000)]
  0x000000001f9de800 JavaThread "jar transforms Thread 34" [_thread_blocked, id=29220, stack(0x0000000026d20000,0x0000000026e20000)]
  0x000000001f9db800 JavaThread "jar transforms Thread 33" [_thread_blocked, id=1612, stack(0x0000000026c20000,0x0000000026d20000)]
  0x000000001f9da000 JavaThread "jar transforms Thread 32" [_thread_blocked, id=26572, stack(0x0000000026b20000,0x0000000026c20000)]
  0x000000001f9d7000 JavaThread "jar transforms Thread 31" [_thread_blocked, id=29980, stack(0x0000000026a20000,0x0000000026b20000)]
  0x000000001f9db000 JavaThread "jar transforms Thread 30" [_thread_blocked, id=37876, stack(0x0000000026920000,0x0000000026a20000)]
  0x000000001f9de000 JavaThread "jar transforms Thread 29" [_thread_blocked, id=34612, stack(0x0000000026820000,0x0000000026920000)]
  0x000000001f9dd000 JavaThread "jar transforms Thread 28" [_thread_blocked, id=37412, stack(0x0000000026720000,0x0000000026820000)]
  0x000000001c4a9000 JavaThread "jar transforms Thread 27" [_thread_blocked, id=26968, stack(0x0000000026620000,0x0000000026720000)]
  0x000000001c4a8800 JavaThread "jar transforms Thread 26" [_thread_blocked, id=11632, stack(0x0000000026520000,0x0000000026620000)]
  0x000000001c4a7800 JavaThread "jar transforms Thread 25" [_thread_blocked, id=4920, stack(0x0000000026420000,0x0000000026520000)]
  0x000000001c4a6000 JavaThread "jar transforms Thread 24" [_thread_blocked, id=23536, stack(0x0000000026320000,0x0000000026420000)]
  0x000000001c4a5800 JavaThread "jar transforms Thread 23" [_thread_blocked, id=18116, stack(0x0000000026220000,0x0000000026320000)]
  0x000000001c4a4800 JavaThread "jar transforms Thread 22" [_thread_blocked, id=39308, stack(0x0000000026120000,0x0000000026220000)]
  0x000000001c4a7000 JavaThread "jar transforms Thread 21" [_thread_blocked, id=28984, stack(0x0000000026020000,0x0000000026120000)]
  0x000000001c4a0000 JavaThread "jar transforms Thread 20" [_thread_blocked, id=30092, stack(0x0000000025f20000,0x0000000026020000)]
  0x000000001c49d000 JavaThread "jar transforms Thread 19" [_thread_blocked, id=37320, stack(0x0000000025e20000,0x0000000025f20000)]
  0x000000001c4a3000 JavaThread "jar transforms Thread 18" [_thread_blocked, id=35060, stack(0x0000000025d20000,0x0000000025e20000)]
  0x000000001c4a4000 JavaThread "jar transforms Thread 17" [_thread_blocked, id=9920, stack(0x0000000025c20000,0x0000000025d20000)]
  0x000000001c4a2000 JavaThread "jar transforms Thread 16" [_thread_blocked, id=5348, stack(0x0000000025b20000,0x0000000025c20000)]
  0x000000001c4a1800 JavaThread "jar transforms Thread 15" [_thread_blocked, id=13104, stack(0x0000000025a20000,0x0000000025b20000)]
  0x000000001c49f000 JavaThread "jar transforms Thread 14" [_thread_blocked, id=39812, stack(0x0000000025920000,0x0000000025a20000)]
  0x000000001c49a000 JavaThread "jar transforms Thread 13" [_thread_blocked, id=19072, stack(0x0000000025820000,0x0000000025920000)]
  0x000000001c49b800 JavaThread "jar transforms Thread 12" [_thread_blocked, id=16504, stack(0x0000000025720000,0x0000000025820000)]
  0x000000001c49c000 JavaThread "jar transforms Thread 11" [_thread_blocked, id=36140, stack(0x0000000025620000,0x0000000025720000)]
  0x000000001c49e800 JavaThread "jar transforms Thread 10" [_thread_blocked, id=31992, stack(0x0000000025520000,0x0000000025620000)]
  0x000000001c49a800 JavaThread "jar transforms Thread 9" [_thread_blocked, id=27972, stack(0x0000000025420000,0x0000000025520000)]
  0x000000001c49d800 JavaThread "jar transforms Thread 8" [_thread_blocked, id=22084, stack(0x0000000025320000,0x0000000025420000)]
  0x000000001c4a0800 JavaThread "jar transforms Thread 7" [_thread_blocked, id=24940, stack(0x0000000025220000,0x0000000025320000)]
  0x0000000021528800 JavaThread "jar transforms Thread 6" [_thread_blocked, id=8292, stack(0x0000000025120000,0x0000000025220000)]
  0x0000000021528000 JavaThread "jar transforms Thread 5" [_thread_blocked, id=31932, stack(0x0000000025020000,0x0000000025120000)]
  0x0000000021526800 JavaThread "jar transforms Thread 4" [_thread_blocked, id=33096, stack(0x0000000024f20000,0x0000000025020000)]
  0x0000000021525800 JavaThread "jar transforms Thread 3" [_thread_blocked, id=11964, stack(0x0000000024e20000,0x0000000024f20000)]
  0x0000000021522800 JavaThread "jar transforms Thread 2" [_thread_blocked, id=10128, stack(0x0000000024d20000,0x0000000024e20000)]
  0x0000000021525000 JavaThread "Build operations Thread 12" [_thread_blocked, id=39076, stack(0x0000000024c20000,0x0000000024d20000)]
  0x0000000021524000 JavaThread "Build operations Thread 11" [_thread_blocked, id=26732, stack(0x0000000024b20000,0x0000000024c20000)]
  0x0000000021527000 JavaThread "Build operations Thread 10" [_thread_blocked, id=18012, stack(0x0000000024a20000,0x0000000024b20000)]
  0x0000000021523800 JavaThread "Build operations Thread 9" [_thread_blocked, id=33504, stack(0x0000000024920000,0x0000000024a20000)]
  0x000000002151b000 JavaThread "Build operations Thread 8" [_thread_blocked, id=5716, stack(0x0000000024820000,0x0000000024920000)]
  0x0000000021522000 JavaThread "Build operations Thread 7" [_thread_blocked, id=22756, stack(0x0000000024720000,0x0000000024820000)]
  0x000000002151f000 JavaThread "Build operations Thread 6" [_thread_blocked, id=12392, stack(0x0000000024620000,0x0000000024720000)]
  0x000000002151e000 JavaThread "Build operations Thread 5" [_thread_blocked, id=23920, stack(0x0000000024520000,0x0000000024620000)]
  0x0000000021521000 JavaThread "Build operations Thread 4" [_thread_blocked, id=35928, stack(0x0000000024420000,0x0000000024520000)]
  0x0000000021519800 JavaThread "Build operations Thread 3" [_thread_blocked, id=21664, stack(0x0000000024320000,0x0000000024420000)]
  0x000000002151d800 JavaThread "Build operations Thread 2" [_thread_blocked, id=18640, stack(0x0000000024220000,0x0000000024320000)]
  0x000000002151a800 JavaThread "Build operations" [_thread_blocked, id=25768, stack(0x0000000024120000,0x0000000024220000)]
  0x000000001a841800 JavaThread "Cache worker for file content cache (C:\Users\LENOVO\.gradle\caches\6.5\fileContent)" [_thread_blocked, id=12036, stack(0x0000000022a50000,0x0000000022b50000)]
  0x000000001a840800 JavaThread "jar transforms" [_thread_blocked, id=21892, stack(0x0000000022950000,0x0000000022a50000)]
  0x000000001a846000 JavaThread "Cache worker for execution history cache (C:\Users\LENOVO\.gradle\caches\6.5\executionHistory)" [_thread_blocked, id=1760, stack(0x0000000022250000,0x0000000022350000)]
  0x000000001a846800 JavaThread "Cache worker for cache directory md-rule (C:\Users\LENOVO\.gradle\caches\6.5\md-rule)" [_thread_blocked, id=2236, stack(0x0000000021e70000,0x0000000021f70000)]
  0x000000001a844800 JavaThread "Cache worker for cache directory md-supplier (C:\Users\LENOVO\.gradle\caches\6.5\md-supplier)" [_thread_blocked, id=34176, stack(0x0000000020d20000,0x0000000020e20000)]
  0x000000001a843000 JavaThread "Cache worker for checksums cache (C:\Users\LENOVO\Desktop\SinFloo_app-restclient-android-f1ebed55aac97f54fb6eca3f7a28ee03e72ff962\.gradle\checksums)" [_thread_blocked, id=18236, stack(0x0000000020c20000,0x0000000020d20000)]
  0x000000001a845000 JavaThread "Cache worker for file hash cache (C:\Users\LENOVO\Desktop\SinFloo_app-restclient-android-f1ebed55aac97f54fb6eca3f7a28ee03e72ff962\.gradle\6.5\fileHashes)" [_thread_blocked, id=39648, stack(0x000000001e730000,0x000000001e830000)]
  0x000000001a840000 JavaThread "Cache worker for file hash cache (C:\Users\LENOVO\.gradle\caches\6.5\fileHashes)" [_thread_blocked, id=7316, stack(0x000000001e630000,0x000000001e730000)]
  0x000000001a843800 JavaThread "File lock request listener" [_thread_in_native, id=30588, stack(0x000000001e530000,0x000000001e630000)]
  0x000000001c19d000 JavaThread "Cache worker for journal cache (C:\Users\LENOVO\.gradle\caches\journal-1)" [_thread_blocked, id=22200, stack(0x000000001e430000,0x000000001e530000)]
  0x000000001c1a8800 JavaThread "Thread-9" [_thread_blocked, id=39364, stack(0x000000001e130000,0x000000001e230000)]
  0x000000001c167800 JavaThread "Stdin handler" [_thread_blocked, id=32912, stack(0x000000001e030000,0x000000001e130000)]
  0x000000001c145800 JavaThread "Asynchronous log dispatcher for DefaultDaemonConnection: socket connection from /127.0.0.1:63847 to /127.0.0.1:63848" [_thread_blocked, id=16868, stack(0x000000001df30000,0x000000001e030000)]
  0x000000001c0c2800 JavaThread "Daemon worker" [_thread_in_native, id=11868, stack(0x000000001de30000,0x000000001df30000)]
  0x000000001c15e000 JavaThread "Cancel handler" [_thread_blocked, id=17256, stack(0x000000001dd30000,0x000000001de30000)]
  0x000000001c0df000 JavaThread "Handler for socket connection from /127.0.0.1:63847 to /127.0.0.1:63848" [_thread_in_native, id=33032, stack(0x000000001dc30000,0x000000001dd30000)]
  0x000000001c0dd000 JavaThread "Daemon" [_thread_blocked, id=13840, stack(0x000000001da30000,0x000000001db30000)]
  0x000000001c109800 JavaThread "Daemon periodic checks" [_thread_blocked, id=26552, stack(0x000000001d730000,0x000000001d830000)]
  0x000000001c108000 JavaThread "Incoming local TCP Connector on port 63847" [_thread_in_native, id=4488, stack(0x000000001d4c0000,0x000000001d5c0000)]
  0x000000001c0fd800 JavaThread "Daemon health stats" [_thread_blocked, id=20732, stack(0x000000001ce80000,0x000000001cf80000)]
  0x00000000188ee000 JavaThread "Service Thread" daemon [_thread_blocked, id=24972, stack(0x000000001a2e0000,0x000000001a3e0000)]
  0x0000000018865000 JavaThread "C1 CompilerThread3" daemon [_thread_blocked, id=32384, stack(0x000000001a1e0000,0x000000001a2e0000)]
=>0x0000000018864000 JavaThread "C2 CompilerThread2" daemon [_thread_in_native, id=30564, stack(0x000000001a0e0000,0x000000001a1e0000)]
  0x000000001885e800 JavaThread "C2 CompilerThread1" daemon [_thread_in_native, id=19732, stack(0x0000000019fe0000,0x000000001a0e0000)]
  0x0000000018856000 JavaThread "C2 CompilerThread0" daemon [_thread_in_native, id=7708, stack(0x0000000019ee0000,0x0000000019fe0000)]
  0x0000000018853800 JavaThread "Attach Listener" daemon [_thread_blocked, id=6308, stack(0x0000000019de0000,0x0000000019ee0000)]
  0x0000000018852000 JavaThread "Signal Dispatcher" daemon [_thread_blocked, id=30844, stack(0x0000000019ce0000,0x0000000019de0000)]
  0x000000000319b000 JavaThread "Finalizer" daemon [_thread_blocked, id=25920, stack(0x0000000019ac0000,0x0000000019bc0000)]
  0x0000000018843000 JavaThread "Reference Handler" daemon [_thread_blocked, id=18936, stack(0x00000000199c0000,0x0000000019ac0000)]
  0x0000000002f1e000 JavaThread "main" [_thread_blocked, id=28616, stack(0x0000000002f20000,0x0000000003020000)]

Other Threads:
  0x0000000017154800 VMThread [stack: 0x00000000198c0000,0x00000000199c0000] [id=16528]
  0x00000000188f0800 WatcherThread [stack: 0x000000001a3e0000,0x000000001a4e0000] [id=4156]

VM state:not at safepoint (normal execution)

VM Mutex/Monitor currently owned by a thread: None

heap address: 0x00000000a0000000, size: 1536 MB, Compressed Oops mode: 32-bit
Narrow klass base: 0x0000000000000000, Narrow klass shift: 3
Compressed class space size: 1073741824 Address: 0x0000000100000000

Heap:
 PSYoungGen      total 231424K, used 32051K [0x00000000e0000000, 0x00000000ef480000, 0x0000000100000000)
  eden space 220672K, 14% used [0x00000000e0000000,0x00000000e1f4cfd8,0x00000000ed780000)
  from space 10752K, 0% used [0x00000000eea00000,0x00000000eea00000,0x00000000ef480000)
  to   space 14848K, 0% used [0x00000000ed780000,0x00000000ed780000,0x00000000ee600000)
 ParOldGen       total 134656K, used 35643K [0x00000000a0000000, 0x00000000a8380000, 0x00000000e0000000)
  object space 134656K, 26% used [0x00000000a0000000,0x00000000a22cec00,0x00000000a8380000)
 Metaspace       used 58803K, capacity 61222K, committed 61656K, reserved 1101824K
  class space    used 8104K, capacity 8588K, committed 8704K, reserved 1048576K

Card table byte_map: [0x0000000012560000,0x0000000012870000] byte_map_base: 0x0000000012060000

Marking Bits: (ParMarkBitMap*) 0x000000006dc4f030
 Begin Bits: [0x0000000013470000, 0x0000000014c70000)
 End Bits:   [0x0000000014c70000, 0x0000000016470000)

Polling page: 0x0000000002ea0000

CodeCache: size=245760Kb used=16388Kb max_used=16400Kb free=229371Kb
 bounds [0x00000000031a0000, 0x00000000041c0000, 0x00000000121a0000]
 total_blobs=5546 nmethods=4771 adapters=688
 compilation: enabled

Compilation events (10 events):
Event: 7.297 Thread 0x0000000018865000 nmethod 5252 0x0000000004180a90 code [0x0000000004180be0, 0x0000000004180cf0]
Event: 7.336 Thread 0x0000000018865000 5254       3       java.util.regex.Pattern$BmpCharProperty::match (50 bytes)
Event: 7.337 Thread 0x0000000018865000 nmethod 5254 0x0000000004180d50 code [0x0000000004180ee0, 0x0000000004181388]
Event: 7.337 Thread 0x0000000018865000 5255       3       java.util.regex.Pattern$Dollar::match (209 bytes)
Event: 7.337 Thread 0x0000000018865000 nmethod 5255 0x0000000004181510 code [0x0000000004181720, 0x00000000041823f8]
Event: 7.342 Thread 0x0000000018865000 5256       3       com.sun.org.apache.xerces.internal.utils.XMLSecurityManager$NameMap::getOldName (18 bytes)
Event: 7.342 Thread 0x0000000018865000 nmethod 5256 0x0000000004182750 code [0x00000000041828c0, 0x0000000004182b28]
Event: 7.507 Thread 0x000000001885e800 nmethod 5221 0x000000000418c950 code [0x000000000418daa0, 0x0000000004196618]
Event: 7.507 Thread 0x000000001885e800 5234       4       java.util.HashMap::getNode (148 bytes)
Event: 7.508 Thread 0x000000001885e800 nmethod 5234 0x0000000004189650 code [0x00000000041897a0, 0x0000000004189988]

GC Heap History (10 events):
Event: 4.277 GC heap before
{Heap before GC invocations=7 (full 1):
 PSYoungGen      total 141824K, used 49517K [0x00000000e0000000, 0x00000000ef980000, 0x0000000100000000)
  eden space 131072K, 29% used [0x00000000e0000000,0x00000000e25e2218,0x00000000e8000000)
  from space 10752K, 99% used [0x00000000e8000000,0x00000000e8a79288,0x00000000e8a80000)
  to   space 15872K, 0% used [0x00000000eea00000,0x00000000eea00000,0x00000000ef980000)
 ParOldGen       total 90624K, used 10198K [0x00000000a0000000, 0x00000000a5880000, 0x00000000e0000000)
  object space 90624K, 11% used [0x00000000a0000000,0x00000000a09f5a28,0x00000000a5880000)
 Metaspace       used 34202K, capacity 35392K, committed 35416K, reserved 1079296K
  class space    used 4705K, capacity 4973K, committed 4992K, reserved 1048576K
Event: 4.282 GC heap after
Heap after GC invocations=7 (full 1):
 PSYoungGen      total 231424K, used 8244K [0x00000000e0000000, 0x00000000ef480000, 0x0000000100000000)
  eden space 220672K, 0% used [0x00000000e0000000,0x00000000e0000000,0x00000000ed780000)
  from space 10752K, 76% used [0x00000000eea00000,0x00000000ef20d200,0x00000000ef480000)
  to   space 14848K, 0% used [0x00000000ed780000,0x00000000ed780000,0x00000000ee600000)
 ParOldGen       total 90624K, used 10206K [0x00000000a0000000, 0x00000000a5880000, 0x00000000e0000000)
  object space 90624K, 11% used [0x00000000a0000000,0x00000000a09f7a28,0x00000000a5880000)
 Metaspace       used 34202K, capacity 35392K, committed 35416K, reserved 1079296K
  class space    used 4705K, capacity 4973K, committed 4992K, reserved 1048576K
}
Event: 4.282 GC heap before
{Heap before GC invocations=8 (full 2):
 PSYoungGen      total 231424K, used 8244K [0x00000000e0000000, 0x00000000ef480000, 0x0000000100000000)
  eden space 220672K, 0% used [0x00000000e0000000,0x00000000e0000000,0x00000000ed780000)
  from space 10752K, 76% used [0x00000000eea00000,0x00000000ef20d200,0x00000000ef480000)
  to   space 14848K, 0% used [0x00000000ed780000,0x00000000ed780000,0x00000000ee600000)
 ParOldGen       total 90624K, used 10206K [0x00000000a0000000, 0x00000000a5880000, 0x00000000e0000000)
  object space 90624K, 11% used [0x00000000a0000000,0x00000000a09f7a28,0x00000000a5880000)
 Metaspace       used 34202K, capacity 35392K, committed 35416K, reserved 1079296K
  class space    used 4705K, capacity 4973K, committed 4992K, reserved 1048576K
Event: 4.313 GC heap after
Heap after GC invocations=8 (full 2):
 PSYoungGen      total 231424K, used 0K [0x00000000e0000000, 0x00000000ef480000, 0x0000000100000000)
  eden space 220672K, 0% used [0x00000000e0000000,0x00000000e0000000,0x00000000ed780000)
  from space 10752K, 0% used [0x00000000eea00000,0x00000000eea00000,0x00000000ef480000)
  to   space 14848K, 0% used [0x00000000ed780000,0x00000000ed780000,0x00000000ee600000)
 ParOldGen       total 134656K, used 14617K [0x00000000a0000000, 0x00000000a8380000, 0x00000000e0000000)
  object space 134656K, 10% used [0x00000000a0000000,0x00000000a0e46728,0x00000000a8380000)
 Metaspace       used 34202K, capacity 35392K, committed 35416K, reserved 1079296K
  class space    used 4705K, capacity 4973K, committed 4992K, reserved 1048576K
}
Event: 5.768 GC heap before
{Heap before GC invocations=9 (full 2):
 PSYoungGen      total 231424K, used 220672K [0x00000000e0000000, 0x00000000ef480000, 0x0000000100000000)
  eden space 220672K, 100% used [0x00000000e0000000,0x00000000ed780000,0x00000000ed780000)
  from space 10752K, 0% used [0x00000000eea00000,0x00000000eea00000,0x00000000ef480000)
  to   space 14848K, 0% used [0x00000000ed780000,0x00000000ed780000,0x00000000ee600000)
 ParOldGen       total 134656K, used 14617K [0x00000000a0000000, 0x00000000a8380000, 0x00000000e0000000)
  object space 134656K, 10% used [0x00000000a0000000,0x00000000a0e46728,0x00000000a8380000)
 Metaspace       used 46511K, capacity 48498K, committed 48728K, reserved 1091584K
  class space    used 6297K, capacity 6678K, committed 6784K, reserved 1048576K
Event: 5.779 GC heap after
Heap after GC invocations=9 (full 2):
 PSYoungGen      total 235520K, used 14837K [0x00000000e0000000, 0x00000000ef480000, 0x0000000100000000)
  eden space 220672K, 0% used [0x00000000e0000000,0x00000000e0000000,0x00000000ed780000)
  from space 14848K, 99% used [0x00000000ed780000,0x00000000ee5fd400,0x00000000ee600000)
  to   space 10752K, 0% used [0x00000000eea00000,0x00000000eea00000,0x00000000ef480000)
 ParOldGen       total 134656K, used 18107K [0x00000000a0000000, 0x00000000a8380000, 0x00000000e0000000)
  object space 134656K, 13% used [0x00000000a0000000,0x00000000a11aed00,0x00000000a8380000)
 Metaspace       used 46511K, capacity 48498K, committed 48728K, reserved 1091584K
  class space    used 6297K, capacity 6678K, committed 6784K, reserved 1048576K
}
Event: 6.895 GC heap before
{Heap before GC invocations=10 (full 2):
 PSYoungGen      total 235520K, used 137539K [0x00000000e0000000, 0x00000000ef480000, 0x0000000100000000)
  eden space 220672K, 55% used [0x00000000e0000000,0x00000000e77d39a8,0x00000000ed780000)
  from space 14848K, 99% used [0x00000000ed780000,0x00000000ee5fd400,0x00000000ee600000)
  to   space 10752K, 0% used [0x00000000eea00000,0x00000000eea00000,0x00000000ef480000)
 ParOldGen       total 134656K, used 18107K [0x00000000a0000000, 0x00000000a8380000, 0x00000000e0000000)
  object space 134656K, 13% used [0x00000000a0000000,0x00000000a11aed00,0x00000000a8380000)
 Metaspace       used 56424K, capacity 58830K, committed 58968K, reserved 1099776K
  class space    used 7718K, capacity 8194K, committed 8320K, reserved 1048576K
Event: 6.905 GC heap after
Heap after GC invocations=10 (full 2):
 PSYoungGen      total 231424K, used 10720K [0x00000000e0000000, 0x00000000ef480000, 0x0000000100000000)
  eden space 220672K, 0% used [0x00000000e0000000,0x00000000e0000000,0x00000000ed780000)
  from space 10752K, 99% used [0x00000000eea00000,0x00000000ef478030,0x00000000ef480000)
  to   space 14848K, 0% used [0x00000000ed780000,0x00000000ed780000,0x00000000ee600000)
 ParOldGen       total 134656K, used 31164K [0x00000000a0000000, 0x00000000a8380000, 0x00000000e0000000)
  object space 134656K, 23% used [0x00000000a0000000,0x00000000a1e6f248,0x00000000a8380000)
 Metaspace       used 56424K, capacity 58830K, committed 58968K, reserved 1099776K
  class space    used 7718K, capacity 8194K, committed 8320K, reserved 1048576K
}
Event: 6.905 GC heap before
{Heap before GC invocations=11 (full 3):
 PSYoungGen      total 231424K, used 10720K [0x00000000e0000000, 0x00000000ef480000, 0x0000000100000000)
  eden space 220672K, 0% used [0x00000000e0000000,0x00000000e0000000,0x00000000ed780000)
  from space 10752K, 99% used [0x00000000eea00000,0x00000000ef478030,0x00000000ef480000)
  to   space 14848K, 0% used [0x00000000ed780000,0x00000000ed780000,0x00000000ee600000)
 ParOldGen       total 134656K, used 31164K [0x00000000a0000000, 0x00000000a8380000, 0x00000000e0000000)
  object space 134656K, 23% used [0x00000000a0000000,0x00000000a1e6f248,0x00000000a8380000)
 Metaspace       used 56424K, capacity 58830K, committed 58968K, reserved 1099776K
  class space    used 7718K, capacity 8194K, committed 8320K, reserved 1048576K
Event: 7.075 GC heap after
Heap after GC invocations=11 (full 3):
 PSYoungGen      total 231424K, used 0K [0x00000000e0000000, 0x00000000ef480000, 0x0000000100000000)
  eden space 220672K, 0% used [0x00000000e0000000,0x00000000e0000000,0x00000000ed780000)
  from space 10752K, 0% used [0x00000000eea00000,0x00000000eea00000,0x00000000ef480000)
  to   space 14848K, 0% used [0x00000000ed780000,0x00000000ed780000,0x00000000ee600000)
 ParOldGen       total 134656K, used 35643K [0x00000000a0000000, 0x00000000a8380000, 0x00000000e0000000)
  object space 134656K, 26% used [0x00000000a0000000,0x00000000a22cec00,0x00000000a8380000)
 Metaspace       used 56353K, capacity 58590K, committed 58968K, reserved 1099776K
  class space    used 7696K, capacity 8154K, committed 8320K, reserved 1048576K
}

Deoptimization events (10 events):
Event: 6.809 Thread 0x000000001c0c2800 Uncommon trap: reason=unstable_if action=reinterpret pc=0x0000000003ebdd74 method=java.util.HashMap.getNode(ILjava/lang/Object;)Ljava/util/HashMap$Node; @ 84
Event: 6.809 Thread 0x000000001c0c2800 Uncommon trap: reason=unstable_if action=reinterpret pc=0x000000000403b000 method=java.util.HashMap.getNode(ILjava/lang/Object;)Ljava/util/HashMap$Node; @ 84
Event: 6.809 Thread 0x000000001c0c2800 Uncommon trap: reason=unstable_if action=reinterpret pc=0x0000000003feaeac method=java.util.HashMap.getNode(ILjava/lang/Object;)Ljava/util/HashMap$Node; @ 84
Event: 6.824 Thread 0x000000001c0c2800 Uncommon trap: reason=unstable_if action=reinterpret pc=0x0000000003c44300 method=java.io.WinNTFileSystem.normalize(Ljava/lang/String;)Ljava/lang/String; @ 74
Event: 6.824 Thread 0x000000001c0c2800 Uncommon trap: reason=unstable_if action=reinterpret pc=0x00000000037723fc method=java.io.WinNTFileSystem.normalize(Ljava/lang/String;II)Ljava/lang/String; @ 103
Event: 7.127 Thread 0x000000001c0c2800 Uncommon trap: reason=bimorphic action=maybe_recompile pc=0x00000000036f3914 method=java.util.regex.Pattern$5.isSatisfiedBy(I)Z @ 16
Event: 7.127 Thread 0x000000001c0c2800 Uncommon trap: reason=bimorphic action=maybe_recompile pc=0x00000000036f3914 method=java.util.regex.Pattern$5.isSatisfiedBy(I)Z @ 16
Event: 7.127 Thread 0x000000001c0c2800 Uncommon trap: reason=bimorphic action=maybe_recompile pc=0x00000000036f3914 method=java.util.regex.Pattern$5.isSatisfiedBy(I)Z @ 16
Event: 7.127 Thread 0x000000001c0c2800 Uncommon trap: reason=bimorphic action=maybe_recompile pc=0x00000000036f3914 method=java.util.regex.Pattern$5.isSatisfiedBy(I)Z @ 16
Event: 7.336 Thread 0x000000001c0c2800 Uncommon trap: reason=unstable_if action=reinterpret pc=0x000000000375c828 method=java.util.regex.Pattern$BmpCharProperty.match(Ljava/util/regex/Matcher;ILjava/lang/CharSequence;)Z @ 34

Classes redefined (0 events):
No events

Internal exceptions (10 events):
Event: 6.749 Thread 0x000000001c0c2800 Exception <a 'java/lang/ClassNotFoundException': com/android/build/gradle/internal/api/ApkVariantOutputImpl_DecoratedBeanInfo> (0x00000000e62b8118) thrown at [C:\src\AOSP-openjdk-git\hotspot\src\share\vm\classfile\systemDictionary.cpp, line 210]
Event: 6.750 Thread 0x000000001c0c2800 Exception <a 'java/lang/ClassNotFoundException': com/android/build/gradle/internal/api/ApkVariantOutputImplBeanInfo> (0x00000000e62d5348) thrown at [C:\src\AOSP-openjdk-git\hotspot\src\share\vm\classfile\systemDictionary.cpp, line 210]
Event: 6.751 Thread 0x000000001c0c2800 Exception <a 'java/lang/ClassNotFoundException': com/android/build/gradle/internal/api/BaseVariantOutputImplBeanInfo> (0x00000000e62f3780) thrown at [C:\src\AOSP-openjdk-git\hotspot\src\share\vm\classfile\systemDictionary.cpp, line 210]
Event: 6.751 Thread 0x000000001c0c2800 Exception <a 'java/lang/ClassNotFoundException': com/android/build/gradle/internal/api/BaseVariantOutputImplCustomizer> (0x00000000e6312118) thrown at [C:\src\AOSP-openjdk-git\hotspot\src\share\vm\classfile\systemDictionary.cpp, line 210]
Event: 6.752 Thread 0x000000001c0c2800 Exception <a 'java/lang/ClassNotFoundException': com/android/build/gradle/internal/api/ApkVariantOutputImplCustomizer> (0x00000000e634a8c0) thrown at [C:\src\AOSP-openjdk-git\hotspot\src\share\vm\classfile\systemDictionary.cpp, line 210]
Event: 6.753 Thread 0x000000001c0c2800 Exception <a 'java/lang/ClassNotFoundException': com/android/build/gradle/internal/api/ApkVariantOutputImpl_DecoratedCustomizer> (0x00000000e637e660) thrown at [C:\src\AOSP-openjdk-git\hotspot\src\share\vm\classfile\systemDictionary.cpp, line 210]
Event: 6.845 Thread 0x000000001c0c2800 Exception <a 'java/lang/NoSuchMethodError': java.lang.Object.lambda$static$0(Lorg/gradle/api/internal/tasks/TaskDependencyResolveContext;)V> (0x00000000e6e32498) thrown at [C:\src\AOSP-openjdk-git\hotspot\src\share\vm\interpreter\linkResolver.cpp, line 62
Event: 7.114 Thread 0x000000001c0c2800 Exception <a 'sun/nio/fs/WindowsException'> (0x00000000e016a168) thrown at [C:\src\AOSP-openjdk-git\hotspot\src\share\vm\prims\jni.cpp, line 710]
Event: 7.152 Thread 0x000000001c0c2800 Exception <a 'java/lang/ClassNotFoundException': com/sun/org/glassfish/hk2/osgiresourcelocator/ServiceLoader> (0x00000000e0664ee0) thrown at [C:\src\AOSP-openjdk-git\hotspot\src\share\vm\classfile\systemDictionary.cpp, line 210]
Event: 7.181 Thread 0x000000001c0c2800 Exception <a 'java/lang/NullPointerException'> (0x00000000e0ae0e10) thrown at [C:\src\AOSP-openjdk-git\hotspot\src\share\vm\interpreter\linkResolver.cpp, line 1287]

Events (10 events):
Event: 7.347 loading class com/sun/org/apache/xerces/internal/xni/parser/XMLErrorHandler done
Event: 7.347 loading class com/sun/org/apache/xerces/internal/util/ErrorHandlerWrapper done
Event: 7.347 loading class com/sun/org/apache/xerces/internal/impl/XMLEntityManager$RewindableInputStream
Event: 7.347 loading class com/sun/org/apache/xerces/internal/impl/XMLEntityManager$RewindableInputStream done
Event: 7.369 loading class com/sun/org/apache/xerces/internal/impl/io/UTF8Reader
Event: 7.369 loading class com/sun/org/apache/xerces/internal/impl/io/UTF8Reader done
Event: 7.369 loading class com/sun/org/apache/xerces/internal/parsers/AbstractSAXParser$LocatorProxy
Event: 7.369 loading class org/xml/sax/ext/Locator2
Event: 7.369 loading class org/xml/sax/ext/Locator2 done
Event: 7.369 loading class com/sun/org/apache/xerces/internal/parsers/AbstractSAXParser$LocatorProxy done


Dynamic libraries:
0x00007ff6042f0000 - 0x00007ff604321000 	D:\AndroidStudio\jre\bin\java.exe
0x00007ffb699d0000 - 0x00007ffb69bc5000 	C:\WINDOWS\SYSTEM32\ntdll.dll
0x00007ffb689e0000 - 0x00007ffb68a9d000 	C:\WINDOWS\System32\KERNEL32.DLL
0x00007ffb67210000 - 0x00007ffb674d9000 	C:\WINDOWS\System32\KERNELBASE.dll
0x00007ffb690c0000 - 0x00007ffb6916c000 	C:\WINDOWS\System32\ADVAPI32.dll
0x00007ffb69020000 - 0x00007ffb690be000 	C:\WINDOWS\System32\msvcrt.dll
0x00007ffb67a30000 - 0x00007ffb67acc000 	C:\WINDOWS\System32\sechost.dll
0x00007ffb688b0000 - 0x00007ffb689db000 	C:\WINDOWS\System32\RPCRT4.dll
0x00007ffb68e80000 - 0x00007ffb69020000 	C:\WINDOWS\System32\USER32.dll
0x00007ffb67950000 - 0x00007ffb67972000 	C:\WINDOWS\System32\win32u.dll
0x00007ffb69180000 - 0x00007ffb691aa000 	C:\WINDOWS\System32\GDI32.dll
0x00007ffb674e0000 - 0x00007ffb675eb000 	C:\WINDOWS\System32\gdi32full.dll
0x00007ffb67750000 - 0x00007ffb677ed000 	C:\WINDOWS\System32\msvcp_win.dll
0x00007ffb67110000 - 0x00007ffb67210000 	C:\WINDOWS\System32\ucrtbase.dll
0x00007ffb53970000 - 0x00007ffb53c0a000 	C:\WINDOWS\WinSxS\amd64_microsoft.windows.common-controls_6595b64144ccf1df_6.0.19041.844_none_ca00b6081b84eb1d\COMCTL32.dll
0x00007ffb69900000 - 0x00007ffb69930000 	C:\WINDOWS\System32\IMM32.DLL
0x000000006f3e0000 - 0x000000006f4b2000 	D:\AndroidStudio\jre\jre\bin\msvcr100.dll
0x000000006d480000 - 0x000000006dccb000 	D:\AndroidStudio\jre\jre\bin\server\jvm.dll
0x00007ffb67c00000 - 0x00007ffb67c08000 	C:\WINDOWS\System32\PSAPI.DLL
0x00007ffb52790000 - 0x00007ffb527b7000 	C:\WINDOWS\SYSTEM32\WINMM.dll
0x00007ffb635d0000 - 0x00007ffb635d9000 	C:\WINDOWS\SYSTEM32\WSOCK32.dll
0x00007ffb60ee0000 - 0x00007ffb60eea000 	C:\WINDOWS\SYSTEM32\VERSION.dll
0x00007ffb68e10000 - 0x00007ffb68e7b000 	C:\WINDOWS\System32\WS2_32.dll
0x00007ffb63630000 - 0x00007ffb6363f000 	D:\AndroidStudio\jre\jre\bin\verify.dll
0x00007ffb5c650000 - 0x00007ffb5c679000 	D:\AndroidStudio\jre\jre\bin\java.dll
0x00007ffb61d10000 - 0x00007ffb61d26000 	D:\AndroidStudio\jre\jre\bin\zip.dll
0x00007ffb691b0000 - 0x00007ffb698f2000 	C:\WINDOWS\System32\SHELL32.dll
0x00007ffb64eb0000 - 0x00007ffb65640000 	C:\WINDOWS\SYSTEM32\windows.storage.dll
0x00007ffb67c10000 - 0x00007ffb67f65000 	C:\WINDOWS\System32\combase.dll
0x00007ffb66b80000 - 0x00007ffb66bac000 	C:\WINDOWS\SYSTEM32\Wldp.dll
0x00007ffb68080000 - 0x00007ffb6812e000 	C:\WINDOWS\System32\SHCORE.dll
0x00007ffb69930000 - 0x00007ffb69985000 	C:\WINDOWS\System32\shlwapi.dll
0x00007ffb67050000 - 0x00007ffb6706f000 	C:\WINDOWS\SYSTEM32\profapi.dll
0x00007ffb5c700000 - 0x00007ffb5c71a000 	D:\AndroidStudio\jre\jre\bin\net.dll
0x00007ffb66900000 - 0x00007ffb6696a000 	C:\WINDOWS\system32\mswsock.dll
0x00007ffb5c200000 - 0x00007ffb5c213000 	D:\AndroidStudio\jre\jre\bin\nio.dll
0x00007ffb4fda0000 - 0x00007ffb4fdc7000 	C:\Users\LENOVO\.gradle\native\f6784746aeab05261644944871eae4fe03e0ef1612fff0a4a95f87b438bc6780\windows-amd64\native-platform.dll
0x00007ffb635a0000 - 0x00007ffb635ad000 	D:\AndroidStudio\jre\jre\bin\management.dll
0x00007ffb66ae0000 - 0x00007ffb66af8000 	C:\WINDOWS\SYSTEM32\CRYPTSP.dll
0x00007ffb66230000 - 0x00007ffb66264000 	C:\WINDOWS\system32\rsaenh.dll
0x00007ffb67980000 - 0x00007ffb679a7000 	C:\WINDOWS\System32\bcrypt.dll
0x00007ffb67010000 - 0x00007ffb6703e000 	C:\WINDOWS\SYSTEM32\USERENV.dll
0x00007ffb679b0000 - 0x00007ffb67a30000 	C:\WINDOWS\System32\bcryptprimitives.dll
0x00007ffb66ad0000 - 0x00007ffb66adc000 	C:\WINDOWS\SYSTEM32\CRYPTBASE.dll
0x00007ffb665a0000 - 0x00007ffb665db000 	C:\WINDOWS\SYSTEM32\IPHLPAPI.DLL
0x00007ffb69170000 - 0x00007ffb69178000 	C:\WINDOWS\System32\NSI.dll
0x00007ffb5e3b0000 - 0x00007ffb5e3c7000 	C:\WINDOWS\SYSTEM32\dhcpcsvc6.DLL
0x00007ffb5f0d0000 - 0x00007ffb5f0ed000 	C:\WINDOWS\SYSTEM32\dhcpcsvc.DLL
0x00007ffb665e0000 - 0x00007ffb666ab000 	C:\WINDOWS\SYSTEM32\DNSAPI.dll
0x00007ffb5f4e0000 - 0x00007ffb5f4eb000 	C:\WINDOWS\SYSTEM32\WINNSI.DLL

VM Arguments:
jvm_args: -Xmx1536m -Dfile.encoding=windows-1252 -Duser.country=MX -Duser.language=es -Duser.variant 
java_command: org.gradle.launcher.daemon.bootstrap.GradleDaemon 6.5
java_class_path (initial): C:\Users\LENOVO\.gradle\wrapper\dists\gradle-6.5-all\2oz4ud9k3tuxjg84bbf55q0tn\gradle-6.5\lib\gradle-launcher-6.5.jar
Launcher Type: SUN_STANDARD

Environment Variables:
JAVA_HOME=D:\AndroidStudio\jre
JRE_HOME=C:\Program Files (x86)\Java\jre1.8.0_271
PATH=D:\JDK VISUAL CODE\bin;C:\Program Files (x86)\Common Files\Oracle\Java\javapath;C:\Program Files\Common Files\Oracle\Java\javapath;C:\Windows\system32;C:\Windows;C:\Windows\System32\Wbem;C:\Windows\System32\WindowsPowerShell\v1.0\;C:\Windows\System32\OpenSSH\;C:\Program Files (x86)\NVIDIA Corporation\PhysX\Common;C:\Program Files\NVIDIA Corporation\NVIDIA NvDLISR;C:\Program Files\nodejs\;C:\WINDOWS\system32;C:\WINDOWS;C:\WINDOWS\System32\Wbem;C:\WINDOWS\System32\WindowsPowerShell\v1.0\;C:\WINDOWS\System32\OpenSSH\;C:\Program Files\Git\cmd;D:\FPC\bin\i386-Win32;C:\Program Files\dotnet\;D:\Flutter\bin;C:\Program Files (x86)\Microsoft SQL Server\150\DTS\Binn\;C:\Program Files\Azure Data Studio\bin;C:\Program Files\Microsoft SQL Server\Client SDK\ODBC\170\Tools\Binn\;C:\Program Files (x86)\Microsoft SQL Server\150\Tools\Binn\;C:\Program Files\Microsoft SQL Server\150\Tools\Binn\;C:\Program Files\Microsoft SQL Server\150\DTS\Binn\;C:\Program Files\Microsoft SQL Server\130\Tools\Binn\;C:\Users\LENOVO\AppData\Local\Microsoft\WindowsApps;C:\Users\LENOVO\AppData\Local\Programs\Microsoft VS Code\bin;C:\Users\LENOVO\AppData\Roaming\npm;C:\Users\LENOVO\.dotnet\tools;JAVA_HOME;JAVA_JRE;D:\Flutter\bin;;C:\Program Files\Azure Data Studio\bin
USERNAME=LENOVO
OS=Windows_NT
PROCESSOR_IDENTIFIER=Intel64 Family 6 Model 158 Stepping 10, GenuineIntel



---------------  S Y S T E M  ---------------

OS: Windows 10.0 , 64 bit Build 19041 (10.0.19041.804)

CPU:total 12 (initial active 12) (6 cores per cpu, 2 threads per core) family 6 model 158 stepping 10, cmov, cx8, fxsr, mmx, sse, sse2, sse3, ssse3, sse4.1, sse4.2, popcnt, avx, avx2, aes, clmul, erms, 3dnowpref, lzcnt, ht, tsc, tscinvbit, bmi1, bmi2, adx

Memory: 4k page, physical 16653556k(1481460k free), swap 26893556k(7248k free)

vm_info: OpenJDK 64-Bit Server VM (25.242-b01) for windows-amd64 JRE (1.8.0_242-release-1644-b01), built by "builder" with MS VC++ 10.0 (VS2010)

time: Fri Apr 23 09:28:40 2021
timezone: Hora verano, Montañas (México)
elapsed time: 7 seconds (0d 0h 0m 7s)

